ARM GAS  C:\Users\GRACEK~1\AppData\Local\Temp\ccDboMqG.s 			page 1


   1              		.syntax unified
   2              		.cpu cortex-m3
   3              		.fpu softvfp
   4              		.eabi_attribute 20, 1
   5              		.eabi_attribute 21, 1
   6              		.eabi_attribute 23, 3
   7              		.eabi_attribute 24, 1
   8              		.eabi_attribute 25, 1
   9              		.eabi_attribute 26, 1
  10              		.eabi_attribute 30, 2
  11              		.eabi_attribute 34, 1
  12              		.eabi_attribute 18, 4
  13              		.thumb
  14              		.file	"chprintf.c"
  15              		.text
  16              	.Ltext0:
  17              		.cfi_sections	.debug_frame
  18              		.section	.text.long_to_string_with_divisor.constprop.0,"ax",%progbits
  19              		.align	2
  20              		.p2align 4,,15
  21              		.thumb
  22              		.thumb_func
  23              		.type	long_to_string_with_divisor.constprop.0, %function
  24              	long_to_string_with_divisor.constprop.0:
  25              	.LFB10:
  26              		.file 1 "../ChibiOS_2.6.0/os/various/chprintf.c"
  27              		.loc 1 36 0
  28              		.cfi_startproc
  29              		@ args = 0, pretend = 0, frame = 0
  30              		@ frame_needed = 0, uses_anonymous_args = 0
  31              		@ link register save eliminated.
  32              	.LVL0:
  33 0000 F0B4     		push	{r4, r5, r6, r7}
  34              	.LCFI0:
  35              		.cfi_def_cfa_offset 16
  36              		.cfi_offset 4, -16
  37              		.cfi_offset 5, -12
  38              		.cfi_offset 6, -8
  39              		.cfi_offset 7, -4
  40              		.loc 1 51 0
  41 0002 00F10B0C 		add	ip, r0, #11
  42              	.LVL1:
  43              		.loc 1 36 0
  44 0006 00F10A05 		add	r5, r0, #10
  45 000a 0C46     		mov	r4, r1
  46              	.LVL2:
  47              	.L3:
  48              		.loc 1 53 0
  49 000c B1FBF2F6 		udiv	r6, r1, r2
  50 0010 02FB1611 		mls	r1, r2, r6, r1
  51              	.LVL3:
  52              		.loc 1 54 0
  53 0014 01F13003 		add	r3, r1, #48
  54              	.LVL4:
  55              		.loc 1 55 0
  56 0018 392B     		cmp	r3, #57
  57              		.loc 1 56 0
ARM GAS  C:\Users\GRACEK~1\AppData\Local\Temp\ccDboMqG.s 			page 2


  58 001a C8BF     		it	gt
  59 001c 01F13703 		addgt	r3, r1, #55
  60              	.LVL5:
  61              		.loc 1 57 0
  62 0020 DBB2     		uxtb	r3, r3
  63              	.LVL6:
  64              		.loc 1 59 0
  65 0022 B4FBF2F4 		udiv	r4, r4, r2
  66              	.LVL7:
  67              		.loc 1 57 0
  68 0026 2F46     		mov	r7, r5
  69              	.LVL8:
  70              		.loc 1 58 0
  71 0028 3146     		mov	r1, r6
  72              	.LVL9:
  73              		.loc 1 57 0
  74 002a 05F80139 		strb	r3, [r5], #-1
  75              	.LVL10:
  76              		.loc 1 59 0
  77 002e 002C     		cmp	r4, #0
  78 0030 ECD1     		bne	.L3
  79              	.LVL11:
  80              		.loc 1 61 0
  81 0032 C7EB0C01 		rsb	r1, r7, ip
  82              	.LVL12:
  83 0036 3A46     		mov	r2, r7
  84              	.LVL13:
  85              		.loc 1 36 0
  86 0038 4118     		adds	r1, r0, r1
  87              	.LVL14:
  88 003a 01E0     		b	.L5
  89              	.LVL15:
  90              	.L9:
  91 003c 12F8013F 		ldrb	r3, [r2, #1]!	@ zero_extendqisi2
  92              	.L5:
  93              		.loc 1 63 0
  94 0040 00F8013B 		strb	r3, [r0], #1
  95              	.LVL16:
  96              		.loc 1 64 0
  97 0044 8842     		cmp	r0, r1
  98 0046 F9D1     		bne	.L9
  99              		.loc 1 67 0
 100 0048 F0BC     		pop	{r4, r5, r6, r7}
 101 004a 7047     		bx	lr
 102              		.cfi_endproc
 103              	.LFE10:
 104              		.size	long_to_string_with_divisor.constprop.0, .-long_to_string_with_divisor.constprop.0
 105 004c AFF30080 		.section	.text.chprintf,"ax",%progbits
 106              		.align	2
 107              		.p2align 4,,15
 108              		.global	chprintf
 109              		.thumb
 110              		.thumb_func
 111              		.type	chprintf, %function
 112              	chprintf:
 113              	.LFB9:
 114              		.loc 1 108 0
ARM GAS  C:\Users\GRACEK~1\AppData\Local\Temp\ccDboMqG.s 			page 3


 115              		.cfi_startproc
 116              		@ args = 4, pretend = 12, frame = 24
 117              		@ frame_needed = 0, uses_anonymous_args = 1
 118              	.LVL17:
 119 0000 0EB4     		push	{r1, r2, r3}
 120              	.LCFI1:
 121              		.cfi_def_cfa_offset 12
 122              		.cfi_offset 1, -12
 123              		.cfi_offset 2, -8
 124              		.cfi_offset 3, -4
 125 0002 2DE9F04F 		push	{r4, r5, r6, r7, r8, r9, sl, fp, lr}
 126              	.LCFI2:
 127              		.cfi_def_cfa_offset 48
 128              		.cfi_offset 4, -48
 129              		.cfi_offset 5, -44
 130              		.cfi_offset 6, -40
 131              		.cfi_offset 7, -36
 132              		.cfi_offset 8, -32
 133              		.cfi_offset 9, -28
 134              		.cfi_offset 10, -24
 135              		.cfi_offset 11, -20
 136              		.cfi_offset 14, -16
 137 0006 86B0     		sub	sp, sp, #24
 138              	.LCFI3:
 139              		.cfi_def_cfa_offset 72
 140              		.loc 1 108 0
 141 0008 0FAB     		add	r3, sp, #60
 142 000a 53F8044B 		ldr	r4, [r3], #4
 143              		.loc 1 236 0
 144 000e 0DF10D0C 		add	ip, sp, #13
 145              		.loc 1 132 0
 146 0012 0DF10C08 		add	r8, sp, #12
 147              		.loc 1 121 0
 148 0016 0293     		str	r3, [sp, #8]
 149 0018 C8EB0C03 		rsb	r3, r8, ip
 150              		.loc 1 236 0
 151 001c CDF800C0 		str	ip, [sp, #0]
 152              		.loc 1 108 0
 153 0020 0646     		mov	r6, r0
 154 0022 0193     		str	r3, [sp, #4]
 155              	.LVL18:
 156              	.L71:
 157              		.loc 1 123 0
 158 0024 2546     		mov	r5, r4
 159 0026 15F8011B 		ldrb	r1, [r5], #1	@ zero_extendqisi2
 160              	.LVL19:
 161              		.loc 1 124 0
 162 002a 59B1     		cbz	r1, .L70
 163              	.LVL20:
 164              	.L75:
 165              		.loc 1 128 0
 166 002c 2529     		cmp	r1, #37
 167 002e 0ED0     		beq	.L13
 168              		.loc 1 129 0
 169 0030 3368     		ldr	r3, [r6, #0]
 170              		.loc 1 123 0
 171 0032 2C46     		mov	r4, r5
ARM GAS  C:\Users\GRACEK~1\AppData\Local\Temp\ccDboMqG.s 			page 4


 172              		.loc 1 129 0
 173 0034 3046     		mov	r0, r6
 174 0036 9B68     		ldr	r3, [r3, #8]
 175              		.loc 1 123 0
 176 0038 2546     		mov	r5, r4
 177              	.LVL21:
 178              		.loc 1 129 0
 179 003a 9847     		blx	r3
 180              	.LVL22:
 181              		.loc 1 123 0
 182 003c 15F8011B 		ldrb	r1, [r5], #1	@ zero_extendqisi2
 183              	.LVL23:
 184              		.loc 1 124 0
 185 0040 0029     		cmp	r1, #0
 186 0042 F3D1     		bne	.L75
 187              	.LVL24:
 188              	.L70:
 189              		.loc 1 261 0
 190 0044 06B0     		add	sp, sp, #24
 191 0046 BDE8F04F 		pop	{r4, r5, r6, r7, r8, r9, sl, fp, lr}
 192 004a 03B0     		add	sp, sp, #12
 193 004c 7047     		bx	lr
 194              	.L13:
 195              	.LVL25:
 196              		.loc 1 135 0
 197 004e 6378     		ldrb	r3, [r4, #1]	@ zero_extendqisi2
 198 0050 2D2B     		cmp	r3, #45
 199              		.loc 1 134 0
 200 0052 18BF     		it	ne
 201 0054 4FF00009 		movne	r9, #0
 202              		.loc 1 135 0
 203 0058 00F01281 		beq	.L76
 204              	.LVL26:
 205              	.L15:
 206              		.loc 1 139 0
 207 005c 2027     		movs	r7, #32
 208              		.loc 1 140 0
 209 005e 2E2B     		cmp	r3, #46
 210 0060 18BF     		it	ne
 211 0062 302B     		cmpne	r3, #48
 212 0064 02D1     		bne	.L16
 213              	.LVL27:
 214 0066 6B78     		ldrb	r3, [r5, #1]	@ zero_extendqisi2
 215              		.loc 1 142 0
 216 0068 3027     		movs	r7, #48
 217              		.loc 1 141 0
 218 006a 0135     		adds	r5, r5, #1
 219              	.LVL28:
 220              	.L16:
 221              		.loc 1 142 0
 222 006c 2C46     		mov	r4, r5
 223 006e 0299     		ldr	r1, [sp, #8]
 224              		.loc 1 144 0
 225 0070 0025     		movs	r5, #0
 226              	.LVL29:
 227 0072 06E0     		b	.L19
 228              	.LVL30:
ARM GAS  C:\Users\GRACEK~1\AppData\Local\Temp\ccDboMqG.s 			page 5


 229              	.L77:
 230              		.loc 1 150 0
 231 0074 0A78     		ldrb	r2, [r1, #0]	@ zero_extendqisi2
 232              	.LVL31:
 233 0076 0431     		adds	r1, r1, #4
 234              	.LVL32:
 235              	.L17:
 236              		.loc 1 153 0
 237 0078 05EB8505 		add	r5, r5, r5, lsl #2
 238              	.LVL33:
 239 007c 2378     		ldrb	r3, [r4, #0]	@ zero_extendqisi2
 240 007e 02EB4505 		add	r5, r2, r5, lsl #1
 241              	.LVL34:
 242              	.L19:
 243              		.loc 1 147 0
 244 0082 A3F13002 		sub	r2, r3, #48
 245 0086 D2B2     		uxtb	r2, r2
 246              		.loc 1 146 0
 247 0088 0134     		adds	r4, r4, #1
 248              	.LVL35:
 249              		.loc 1 147 0
 250 008a 092A     		cmp	r2, #9
 251 008c F4D9     		bls	.L17
 252              		.loc 1 149 0
 253 008e 2A2B     		cmp	r3, #42
 254 0090 F0D0     		beq	.L77
 255              		.loc 1 156 0
 256 0092 0020     		movs	r0, #0
 257 0094 2E2B     		cmp	r3, #46
 258 0096 0291     		str	r1, [sp, #8]
 259              	.LVL36:
 260 0098 49D0     		beq	.L23
 261              	.LVL37:
 262              		.loc 1 170 0
 263 009a 03F0DF02 		and	r2, r3, #223
 264 009e 4C2A     		cmp	r2, #76
 265 00a0 55D1     		bne	.L24
 266              	.LVL38:
 267              	.L78:
 268              		.loc 1 172 0
 269 00a2 2278     		ldrb	r2, [r4, #0]	@ zero_extendqisi2
 270              		.loc 1 171 0
 271 00a4 0121     		movs	r1, #1
 272              		.loc 1 172 0
 273 00a6 12B1     		cbz	r2, .L25
 274              	.LVL39:
 275              		.loc 1 173 0
 276 00a8 0134     		adds	r4, r4, #1
 277              	.LVL40:
 278 00aa 1346     		mov	r3, r2
 279              		.loc 1 171 0
 280 00ac 0121     		movs	r1, #1
 281              	.LVL41:
 282              	.L25:
 283              		.loc 1 179 0
 284 00ae A3F14402 		sub	r2, r3, #68
 285 00b2 342A     		cmp	r2, #52
ARM GAS  C:\Users\GRACEK~1\AppData\Local\Temp\ccDboMqG.s 			page 6


 286 00b4 00F2DC80 		bhi	.L26
 287 00b8 DFE812F0 		tbh	[pc, r2, lsl #1]
 288              	.L33:
 289 00bc CA00     		.2byte	(.L27-.L33)/2
 290 00be DA00     		.2byte	(.L26-.L33)/2
 291 00c0 DA00     		.2byte	(.L26-.L33)/2
 292 00c2 DA00     		.2byte	(.L26-.L33)/2
 293 00c4 DA00     		.2byte	(.L26-.L33)/2
 294 00c6 CA00     		.2byte	(.L27-.L33)/2
 295 00c8 DA00     		.2byte	(.L26-.L33)/2
 296 00ca DA00     		.2byte	(.L26-.L33)/2
 297 00cc DA00     		.2byte	(.L26-.L33)/2
 298 00ce DA00     		.2byte	(.L26-.L33)/2
 299 00d0 DA00     		.2byte	(.L26-.L33)/2
 300 00d2 E000     		.2byte	(.L28-.L33)/2
 301 00d4 DA00     		.2byte	(.L26-.L33)/2
 302 00d6 DA00     		.2byte	(.L26-.L33)/2
 303 00d8 DA00     		.2byte	(.L26-.L33)/2
 304 00da DA00     		.2byte	(.L26-.L33)/2
 305 00dc DA00     		.2byte	(.L26-.L33)/2
 306 00de C200     		.2byte	(.L56-.L33)/2
 307 00e0 DA00     		.2byte	(.L26-.L33)/2
 308 00e2 DA00     		.2byte	(.L26-.L33)/2
 309 00e4 B500     		.2byte	(.L30-.L33)/2
 310 00e6 DA00     		.2byte	(.L26-.L33)/2
 311 00e8 DA00     		.2byte	(.L26-.L33)/2
 312 00ea DA00     		.2byte	(.L26-.L33)/2
 313 00ec DA00     		.2byte	(.L26-.L33)/2
 314 00ee DA00     		.2byte	(.L26-.L33)/2
 315 00f0 DA00     		.2byte	(.L26-.L33)/2
 316 00f2 DA00     		.2byte	(.L26-.L33)/2
 317 00f4 DA00     		.2byte	(.L26-.L33)/2
 318 00f6 DA00     		.2byte	(.L26-.L33)/2
 319 00f8 DA00     		.2byte	(.L26-.L33)/2
 320 00fa 9500     		.2byte	(.L31-.L33)/2
 321 00fc CA00     		.2byte	(.L27-.L33)/2
 322 00fe DA00     		.2byte	(.L26-.L33)/2
 323 0100 DA00     		.2byte	(.L26-.L33)/2
 324 0102 DA00     		.2byte	(.L26-.L33)/2
 325 0104 DA00     		.2byte	(.L26-.L33)/2
 326 0106 CA00     		.2byte	(.L27-.L33)/2
 327 0108 DA00     		.2byte	(.L26-.L33)/2
 328 010a DA00     		.2byte	(.L26-.L33)/2
 329 010c DA00     		.2byte	(.L26-.L33)/2
 330 010e DA00     		.2byte	(.L26-.L33)/2
 331 0110 DA00     		.2byte	(.L26-.L33)/2
 332 0112 E000     		.2byte	(.L28-.L33)/2
 333 0114 DA00     		.2byte	(.L26-.L33)/2
 334 0116 DA00     		.2byte	(.L26-.L33)/2
 335 0118 DA00     		.2byte	(.L26-.L33)/2
 336 011a 5000     		.2byte	(.L32-.L33)/2
 337 011c DA00     		.2byte	(.L26-.L33)/2
 338 011e C200     		.2byte	(.L56-.L33)/2
 339 0120 DA00     		.2byte	(.L26-.L33)/2
 340 0122 DA00     		.2byte	(.L26-.L33)/2
 341 0124 B500     		.2byte	(.L30-.L33)/2
 342              	.LVL42:
ARM GAS  C:\Users\GRACEK~1\AppData\Local\Temp\ccDboMqG.s 			page 7


 343              	.L22:
 344              		.loc 1 162 0
 345 0126 0A78     		ldrb	r2, [r1, #0]	@ zero_extendqisi2
 346              	.LVL43:
 347 0128 0431     		adds	r1, r1, #4
 348              	.LVL44:
 349              	.L21:
 350              		.loc 1 166 0
 351 012a 02EB4C00 		add	r0, r2, ip, lsl #1
 352              	.LVL45:
 353              	.L23:
 354              		.loc 1 158 0
 355 012e 14F8013B 		ldrb	r3, [r4], #1	@ zero_extendqisi2
 356              	.LVL46:
 357              		.loc 1 165 0
 358 0132 00EB800C 		add	ip, r0, r0, lsl #2
 359              		.loc 1 159 0
 360 0136 A3F13002 		sub	r2, r3, #48
 361 013a D2B2     		uxtb	r2, r2
 362 013c 092A     		cmp	r2, #9
 363 013e F4D9     		bls	.L21
 364              		.loc 1 161 0
 365 0140 2A2B     		cmp	r3, #42
 366 0142 F0D0     		beq	.L22
 367              		.loc 1 170 0
 368 0144 03F0DF02 		and	r2, r3, #223
 369 0148 4C2A     		cmp	r2, #76
 370 014a 0291     		str	r1, [sp, #8]
 371 014c A9D0     		beq	.L78
 372              	.LVL47:
 373              	.L24:
 374              		.loc 1 176 0
 375 014e A3F14101 		sub	r1, r3, #65
 376 0152 1929     		cmp	r1, #25
 377 0154 8CBF     		ite	hi
 378 0156 0021     		movhi	r1, #0
 379 0158 0121     		movls	r1, #1
 380              	.LVL48:
 381 015a A8E7     		b	.L25
 382              	.LVL49:
 383              	.L32:
 384              		.loc 1 186 0
 385 015c 029B     		ldr	r3, [sp, #8]
 386              	.LVL50:
 387              		.loc 1 187 0
 388 015e 40F20002 		movw	r2, #:lower16:.LC0
 389              	.LVL51:
 390              		.loc 1 186 0
 391 0162 D3F800A0 		ldr	sl, [r3, #0]
 392              	.LVL52:
 393              		.loc 1 187 0
 394 0166 C0F20002 		movt	r2, #:upper16:.LC0
 395 016a BAF1000F 		cmp	sl, #0
 396 016e 08BF     		it	eq
 397 0170 9246     		moveq	sl, r2
 398              	.LVL53:
 399              		.loc 1 186 0
ARM GAS  C:\Users\GRACEK~1\AppData\Local\Temp\ccDboMqG.s 			page 8


 400 0172 0433     		adds	r3, r3, #4
 401              		.loc 1 190 0
 402 0174 9AF80020 		ldrb	r2, [sl, #0]	@ zero_extendqisi2
 403              		.loc 1 186 0
 404 0178 0293     		str	r3, [sp, #8]
 405              		.loc 1 189 0
 406 017a 47F6FF73 		movw	r3, #32767
 407 017e 0028     		cmp	r0, #0
 408 0180 08BF     		it	eq
 409 0182 1846     		moveq	r0, r3
 410              	.LVL54:
 411              		.loc 1 190 0
 412 0184 002A     		cmp	r2, #0
 413 0186 00F09C80 		beq	.L59
 414              	.LVL55:
 415 018a 5346     		mov	r3, sl
 416              		.loc 1 108 0
 417 018c 5044     		add	r0, sl, r0
 418              	.LVL56:
 419 018e 02E0     		b	.L38
 420              	.LVL57:
 421              	.L37:
 422              		.loc 1 190 0 discriminator 2
 423 0190 9042     		cmp	r0, r2
 424 0192 00F09280 		beq	.L79
 425              	.LVL58:
 426              	.L38:
 427              		.loc 1 190 0 is_stmt 0 discriminator 1
 428 0196 5978     		ldrb	r1, [r3, #1]	@ zero_extendqisi2
 429              		.loc 1 108 0 is_stmt 1 discriminator 1
 430 0198 5A1C     		adds	r2, r3, #1
 431              	.LVL59:
 432 019a 1346     		mov	r3, r2
 433              		.loc 1 190 0 discriminator 1
 434 019c 0029     		cmp	r1, #0
 435 019e F7D1     		bne	.L37
 436 01a0 CAEB020B 		rsb	fp, sl, r2
 437              		.loc 1 240 0
 438 01a4 CBEB0505 		rsb	r5, fp, r5
 439              	.LVL60:
 440              		.loc 1 185 0
 441 01a8 2027     		movs	r7, #32
 442              	.LVL61:
 443 01aa 25EAE575 		bic	r5, r5, r5, asr #31
 444              	.LVL62:
 445              		.loc 1 242 0
 446 01ae B9F1000F 		cmp	r9, #0
 447 01b2 29D0     		beq	.L80
 448              	.LVL63:
 449              	.L44:
 450              		.loc 1 253 0 discriminator 1
 451 01b4 BBF1000F 		cmp	fp, #0
 452              		.loc 1 108 0 discriminator 1
 453 01b8 C8BF     		it	gt
 454 01ba 0AEB0B09 		addgt	r9, sl, fp
 455              	.LVL64:
 456              		.loc 1 253 0 discriminator 1
ARM GAS  C:\Users\GRACEK~1\AppData\Local\Temp\ccDboMqG.s 			page 9


 457 01be 07DD     		ble	.L50
 458              	.LVL65:
 459              	.L49:
 460              		.loc 1 254 0
 461 01c0 3368     		ldr	r3, [r6, #0]
 462 01c2 1AF8011B 		ldrb	r1, [sl], #1	@ zero_extendqisi2
 463              	.LVL66:
 464 01c6 9B68     		ldr	r3, [r3, #8]
 465 01c8 3046     		mov	r0, r6
 466 01ca 9847     		blx	r3
 467              	.LVL67:
 468              		.loc 1 253 0
 469 01cc CA45     		cmp	sl, r9
 470 01ce F7D1     		bne	.L49
 471              	.L50:
 472              	.LVL68:
 473              		.loc 1 256 0
 474 01d0 002D     		cmp	r5, #0
 475 01d2 3FF427AF 		beq	.L71
 476              	.L63:
 477              		.loc 1 257 0
 478 01d6 3368     		ldr	r3, [r6, #0]
 479 01d8 3046     		mov	r0, r6
 480 01da 9B68     		ldr	r3, [r3, #8]
 481 01dc 3946     		mov	r1, r7
 482 01de 9847     		blx	r3
 483              	.LVL69:
 484              		.loc 1 256 0
 485 01e0 013D     		subs	r5, r5, #1
 486              	.LVL70:
 487 01e2 F8D1     		bne	.L63
 488 01e4 1EE7     		b	.L71
 489              	.LVL71:
 490              	.L31:
 491              		.loc 1 182 0
 492 01e6 029B     		ldr	r3, [sp, #8]
 493              	.LVL72:
 494 01e8 DDF804B0 		ldr	fp, [sp, #4]
 495 01ec 1A68     		ldr	r2, [r3, #0]
 496              	.LVL73:
 497 01ee 0433     		adds	r3, r3, #4
 498 01f0 0293     		str	r3, [sp, #8]
 499 01f2 8DF80C20 		strb	r2, [sp, #12]
 500              	.LVL74:
 501              		.loc 1 181 0
 502 01f6 2027     		movs	r7, #32
 503              		.loc 1 133 0
 504 01f8 C246     		mov	sl, r8
 505              	.LVL75:
 506              	.L34:
 507              		.loc 1 240 0
 508 01fa CBEB0505 		rsb	r5, fp, r5
 509              	.LVL76:
 510 01fe 25EAE575 		bic	r5, r5, r5, asr #31
 511              	.LVL77:
 512              		.loc 1 242 0
 513 0202 B9F1000F 		cmp	r9, #0
ARM GAS  C:\Users\GRACEK~1\AppData\Local\Temp\ccDboMqG.s 			page 10


 514 0206 D5D1     		bne	.L44
 515              	.LVL78:
 516              	.L80:
 517              		.loc 1 243 0
 518 0208 6D42     		negs	r5, r5
 519              	.LVL79:
 520              		.loc 1 244 0
 521 020a 002D     		cmp	r5, #0
 522 020c D2D0     		beq	.L44
 523              		.loc 1 245 0
 524 020e 9AF80010 		ldrb	r1, [sl, #0]	@ zero_extendqisi2
 525 0212 2D29     		cmp	r1, #45
 526 0214 46D0     		beq	.L81
 527              	.LVL80:
 528              	.L64:
 529              		.loc 1 250 0 discriminator 1
 530 0216 3368     		ldr	r3, [r6, #0]
 531 0218 3046     		mov	r0, r6
 532 021a 9B68     		ldr	r3, [r3, #8]
 533 021c 3946     		mov	r1, r7
 534 021e 9847     		blx	r3
 535              	.LVL81:
 536              		.loc 1 251 0 discriminator 1
 537 0220 0135     		adds	r5, r5, #1
 538              	.LVL82:
 539 0222 F8D1     		bne	.L64
 540 0224 C6E7     		b	.L44
 541              	.LVL83:
 542              	.L30:
 543              		.loc 1 179 0
 544 0226 1022     		movs	r2, #16
 545              	.LVL84:
 546              	.L29:
 547              		.loc 1 230 0
 548 0228 029B     		ldr	r3, [sp, #8]
 549              		.loc 1 229 0
 550 022a 69B1     		cbz	r1, .L42
 551              	.L82:
 552              		.loc 1 230 0
 553 022c 191D     		adds	r1, r3, #4
 554              	.LVL85:
 555 022e 0291     		str	r1, [sp, #8]
 556 0230 1968     		ldr	r1, [r3, #0]
 557              	.LVL86:
 558              	.L43:
 559              	.LBB6:
 560              	.LBB7:
 561              		.loc 1 71 0
 562 0232 4046     		mov	r0, r8
 563 0234 FFF7FEFF 		bl	long_to_string_with_divisor.constprop.0
 564              	.LVL87:
 565              	.LBE7:
 566              	.LBE6:
 567              		.loc 1 133 0
 568 0238 C246     		mov	sl, r8
 569 023a C8EB000B 		rsb	fp, r8, r0
 570              		.loc 1 234 0
ARM GAS  C:\Users\GRACEK~1\AppData\Local\Temp\ccDboMqG.s 			page 11


 571 023e DCE7     		b	.L34
 572              	.LVL88:
 573              	.L56:
 574              		.loc 1 179 0
 575 0240 0A22     		movs	r2, #10
 576              	.LVL89:
 577              		.loc 1 230 0
 578 0242 029B     		ldr	r3, [sp, #8]
 579              		.loc 1 229 0
 580 0244 0029     		cmp	r1, #0
 581 0246 F1D1     		bne	.L82
 582              	.L42:
 583              		.loc 1 232 0
 584 0248 181D     		adds	r0, r3, #4
 585              	.LVL90:
 586 024a 1968     		ldr	r1, [r3, #0]
 587              	.LVL91:
 588 024c 0290     		str	r0, [sp, #8]
 589 024e F0E7     		b	.L43
 590              	.LVL92:
 591              	.L27:
 592              		.loc 1 198 0
 593 0250 029B     		ldr	r3, [sp, #8]
 594              	.LVL93:
 595 0252 1A1D     		adds	r2, r3, #4
 596              	.LVL94:
 597              		.loc 1 197 0
 598 0254 C9B9     		cbnz	r1, .L83
 599              		.loc 1 200 0
 600 0256 1968     		ldr	r1, [r3, #0]
 601              	.LVL95:
 602 0258 0292     		str	r2, [sp, #8]
 603              		.loc 1 201 0
 604 025a 0029     		cmp	r1, #0
 605              		.loc 1 132 0
 606 025c A8BF     		it	ge
 607 025e 4046     		movge	r0, r8
 608              	.LVL96:
 609              		.loc 1 201 0
 610 0260 19DB     		blt	.L84
 611              	.LVL97:
 612              	.L41:
 613              	.LBB8:
 614              	.LBB9:
 615              		.loc 1 71 0
 616 0262 0A22     		movs	r2, #10
 617 0264 FFF7FEFF 		bl	long_to_string_with_divisor.constprop.0
 618              	.LVL98:
 619              	.LBE9:
 620              	.LBE8:
 621              		.loc 1 133 0
 622 0268 C246     		mov	sl, r8
 623 026a C8EB000B 		rsb	fp, r8, r0
 624              		.loc 1 206 0
 625 026e C4E7     		b	.L34
 626              	.LVL99:
 627              	.L26:
ARM GAS  C:\Users\GRACEK~1\AppData\Local\Temp\ccDboMqG.s 			page 12


 628              		.loc 1 236 0
 629 0270 8DF80C30 		strb	r3, [sp, #12]
 630              	.LVL100:
 631 0274 DDF804B0 		ldr	fp, [sp, #4]
 632              		.loc 1 133 0
 633 0278 C246     		mov	sl, r8
 634              		.loc 1 237 0
 635 027a BEE7     		b	.L34
 636              	.LVL101:
 637              	.L28:
 638 027c 0822     		movs	r2, #8
 639 027e D3E7     		b	.L29
 640              	.LVL102:
 641              	.L76:
 642              		.loc 1 136 0
 643 0280 A51C     		adds	r5, r4, #2
 644              	.LVL103:
 645 0282 A378     		ldrb	r3, [r4, #2]	@ zero_extendqisi2
 646              		.loc 1 137 0
 647 0284 4FF00109 		mov	r9, #1
 648 0288 E8E6     		b	.L15
 649              	.LVL104:
 650              	.L83:
 651              		.loc 1 198 0
 652 028a 1968     		ldr	r1, [r3, #0]
 653              	.LVL105:
 654 028c 0292     		str	r2, [sp, #8]
 655              		.loc 1 201 0
 656 028e 0029     		cmp	r1, #0
 657              		.loc 1 132 0
 658 0290 A8BF     		it	ge
 659 0292 4046     		movge	r0, r8
 660              	.LVL106:
 661              		.loc 1 201 0
 662 0294 E5DA     		bge	.L41
 663              	.L84:
 664              		.loc 1 202 0
 665 0296 2D23     		movs	r3, #45
 666 0298 8DF80C30 		strb	r3, [sp, #12]
 667              	.LVL107:
 668              		.loc 1 203 0
 669 029c 4942     		negs	r1, r1
 670              	.LVL108:
 671              		.loc 1 202 0
 672 029e 0DF10D00 		add	r0, sp, #13
 673 02a2 DEE7     		b	.L41
 674              	.LVL109:
 675              	.L81:
 676              		.loc 1 245 0 discriminator 1
 677 02a4 302F     		cmp	r7, #48
 678 02a6 B6D1     		bne	.L64
 679              		.loc 1 246 0
 680 02a8 3368     		ldr	r3, [r6, #0]
 681 02aa 3046     		mov	r0, r6
 682 02ac 9B68     		ldr	r3, [r3, #8]
 683 02ae 9847     		blx	r3
 684              	.LVL110:
ARM GAS  C:\Users\GRACEK~1\AppData\Local\Temp\ccDboMqG.s 			page 13


 685 02b0 0AF1010A 		add	sl, sl, #1
 686              	.LVL111:
 687              		.loc 1 247 0
 688 02b4 0BF1FF3B 		add	fp, fp, #-1
 689              	.LVL112:
 690 02b8 ADE7     		b	.L64
 691              	.LVL113:
 692              	.L79:
 693 02ba CAEB000B 		rsb	fp, sl, r0
 694              		.loc 1 185 0
 695 02be 2027     		movs	r7, #32
 696 02c0 9BE7     		b	.L34
 697              	.LVL114:
 698              	.L59:
 699              		.loc 1 190 0
 700 02c2 9346     		mov	fp, r2
 701              		.loc 1 185 0
 702 02c4 2027     		movs	r7, #32
 703 02c6 98E7     		b	.L34
 704              		.cfi_endproc
 705              	.LFE9:
 706              		.size	chprintf, .-chprintf
 707 02c8 AFF30080 		.section	.rodata.str1.4,"aMS",%progbits,1
 707      AFF30080 
 708              		.align	2
 709              	.LC0:
 710 0000 286E756C 		.ascii	"(null)\000"
 710      6C2900
 711 0007 00       		.text
 712              	.Letext0:
 713              		.file 2 "c:\\program files\\pros\\toolchain\\bin\\../lib/gcc/arm-none-eabi/4.7.1/include/stdarg.h"
 714              		.file 3 "c:\\program files\\pros\\toolchain\\bin\\../lib/gcc/arm-none-eabi/4.7.1/include/stddef.h"
 715              		.file 4 "c:/program files/pros/toolchain/lib/gcc/../../arm-none-eabi/include/stdint.h"
 716              		.file 5 "../ChibiOS_2.6.0/os/ports/GCC/ARMCMx/chtypes.h"
 717              		.file 6 "<built-in>"
 718              		.file 7 "../ChibiOS_2.6.0/os/kernel/include/chstreams.h"
 719              		.section	.debug_info,"",%progbits
 720              	.Ldebug_info0:
 721 0000 B0040000 		.4byte	0x4b0
 722 0004 0200     		.2byte	0x2
 723 0006 00000000 		.4byte	.Ldebug_abbrev0
 724 000a 04       		.byte	0x4
 725 000b 01       		.uleb128 0x1
 726 000c 85010000 		.4byte	.LASF34
 727 0010 01       		.byte	0x1
 728 0011 11000000 		.4byte	.LASF35
 729 0015 58010000 		.4byte	.LASF36
 730 0019 00000000 		.4byte	.Ldebug_ranges0+0
 731 001d 00000000 		.4byte	0
 732 0021 00000000 		.4byte	0
 733 0025 00000000 		.4byte	.Ldebug_line0
 734 0029 02       		.uleb128 0x2
 735 002a D6000000 		.4byte	.LASF0
 736 002e 02       		.byte	0x2
 737 002f 28       		.byte	0x28
 738 0030 34000000 		.4byte	0x34
 739 0034 03       		.uleb128 0x3
ARM GAS  C:\Users\GRACEK~1\AppData\Local\Temp\ccDboMqG.s 			page 14


 740 0035 40010000 		.4byte	.LASF19
 741 0039 04       		.byte	0x4
 742 003a 06       		.byte	0x6
 743 003b 00       		.byte	0
 744 003c 4E000000 		.4byte	0x4e
 745 0040 04       		.uleb128 0x4
 746 0041 1D010000 		.4byte	.LASF37
 747 0045 4E000000 		.4byte	0x4e
 748 0049 02       		.byte	0x2
 749 004a 23       		.byte	0x23
 750 004b 00       		.uleb128 0
 751 004c 01       		.byte	0x1
 752 004d 00       		.byte	0
 753 004e 05       		.uleb128 0x5
 754 004f 04       		.byte	0x4
 755 0050 02       		.uleb128 0x2
 756 0051 71000000 		.4byte	.LASF1
 757 0055 02       		.byte	0x2
 758 0056 66       		.byte	0x66
 759 0057 29000000 		.4byte	0x29
 760 005b 06       		.uleb128 0x6
 761 005c 04       		.byte	0x4
 762 005d 05       		.byte	0x5
 763 005e 696E7400 		.ascii	"int\000"
 764 0062 02       		.uleb128 0x2
 765 0063 0A000000 		.4byte	.LASF2
 766 0067 03       		.byte	0x3
 767 0068 D5       		.byte	0xd5
 768 0069 6D000000 		.4byte	0x6d
 769 006d 07       		.uleb128 0x7
 770 006e 04       		.byte	0x4
 771 006f 07       		.byte	0x7
 772 0070 F1000000 		.4byte	.LASF3
 773 0074 07       		.uleb128 0x7
 774 0075 01       		.byte	0x1
 775 0076 06       		.byte	0x6
 776 0077 BF010000 		.4byte	.LASF4
 777 007b 02       		.uleb128 0x2
 778 007c 69000000 		.4byte	.LASF5
 779 0080 04       		.byte	0x4
 780 0081 2A       		.byte	0x2a
 781 0082 86000000 		.4byte	0x86
 782 0086 07       		.uleb128 0x7
 783 0087 01       		.byte	0x1
 784 0088 08       		.byte	0x8
 785 0089 8E000000 		.4byte	.LASF6
 786 008d 07       		.uleb128 0x7
 787 008e 02       		.byte	0x2
 788 008f 05       		.byte	0x5
 789 0090 9C010000 		.4byte	.LASF7
 790 0094 07       		.uleb128 0x7
 791 0095 02       		.byte	0x2
 792 0096 07       		.byte	0x7
 793 0097 AE000000 		.4byte	.LASF8
 794 009b 02       		.uleb128 0x2
 795 009c 28010000 		.4byte	.LASF9
 796 00a0 04       		.byte	0x4
ARM GAS  C:\Users\GRACEK~1\AppData\Local\Temp\ccDboMqG.s 			page 15


 797 00a1 4F       		.byte	0x4f
 798 00a2 A6000000 		.4byte	0xa6
 799 00a6 07       		.uleb128 0x7
 800 00a7 04       		.byte	0x4
 801 00a8 05       		.byte	0x5
 802 00a9 B6010000 		.4byte	.LASF10
 803 00ad 07       		.uleb128 0x7
 804 00ae 04       		.byte	0x4
 805 00af 07       		.byte	0x7
 806 00b0 9C000000 		.4byte	.LASF11
 807 00b4 07       		.uleb128 0x7
 808 00b5 08       		.byte	0x8
 809 00b6 05       		.byte	0x5
 810 00b7 4A010000 		.4byte	.LASF12
 811 00bb 07       		.uleb128 0x7
 812 00bc 08       		.byte	0x8
 813 00bd 07       		.byte	0x7
 814 00be FE000000 		.4byte	.LASF13
 815 00c2 02       		.uleb128 0x2
 816 00c3 46000000 		.4byte	.LASF14
 817 00c7 05       		.byte	0x5
 818 00c8 2B       		.byte	0x2b
 819 00c9 CD000000 		.4byte	0xcd
 820 00cd 07       		.uleb128 0x7
 821 00ce 01       		.byte	0x1
 822 00cf 02       		.byte	0x2
 823 00d0 D0010000 		.4byte	.LASF15
 824 00d4 02       		.uleb128 0x2
 825 00d5 22010000 		.4byte	.LASF16
 826 00d9 05       		.byte	0x5
 827 00da 31       		.byte	0x31
 828 00db 9B000000 		.4byte	0x9b
 829 00df 07       		.uleb128 0x7
 830 00e0 04       		.byte	0x4
 831 00e1 07       		.byte	0x7
 832 00e2 30010000 		.4byte	.LASF17
 833 00e6 08       		.uleb128 0x8
 834 00e7 04       		.byte	0x4
 835 00e8 EC000000 		.4byte	0xec
 836 00ec 09       		.uleb128 0x9
 837 00ed F1000000 		.4byte	0xf1
 838 00f1 07       		.uleb128 0x7
 839 00f2 01       		.byte	0x1
 840 00f3 08       		.byte	0x8
 841 00f4 80010000 		.4byte	.LASF18
 842 00f8 08       		.uleb128 0x8
 843 00f9 04       		.byte	0x4
 844 00fa FE000000 		.4byte	0xfe
 845 00fe 0A       		.uleb128 0xa
 846 00ff 01       		.byte	0x1
 847 0100 D4000000 		.4byte	0xd4
 848 0104 0E010000 		.4byte	0x10e
 849 0108 0B       		.uleb128 0xb
 850 0109 4E000000 		.4byte	0x4e
 851 010d 00       		.byte	0
 852 010e 08       		.uleb128 0x8
 853 010f 04       		.byte	0x4
ARM GAS  C:\Users\GRACEK~1\AppData\Local\Temp\ccDboMqG.s 			page 16


 854 0110 7B000000 		.4byte	0x7b
 855 0114 03       		.uleb128 0x3
 856 0115 D6010000 		.4byte	.LASF20
 857 0119 10       		.byte	0x10
 858 011a 07       		.byte	0x7
 859 011b 48       		.byte	0x48
 860 011c 59010000 		.4byte	0x159
 861 0120 0C       		.uleb128 0xc
 862 0121 C1000000 		.4byte	.LASF21
 863 0125 07       		.byte	0x7
 864 0126 49       		.byte	0x49
 865 0127 7E010000 		.4byte	0x17e
 866 012b 02       		.byte	0x2
 867 012c 23       		.byte	0x23
 868 012d 00       		.uleb128 0
 869 012e 0C       		.uleb128 0xc
 870 012f E5000000 		.4byte	.LASF22
 871 0133 07       		.byte	0x7
 872 0134 49       		.byte	0x49
 873 0135 9E010000 		.4byte	0x19e
 874 0139 02       		.byte	0x2
 875 013a 23       		.byte	0x23
 876 013b 04       		.uleb128 0x4
 877 013c 0D       		.uleb128 0xd
 878 013d 70757400 		.ascii	"put\000"
 879 0141 07       		.byte	0x7
 880 0142 49       		.byte	0x49
 881 0143 B9010000 		.4byte	0x1b9
 882 0147 02       		.byte	0x2
 883 0148 23       		.byte	0x23
 884 0149 08       		.uleb128 0x8
 885 014a 0D       		.uleb128 0xd
 886 014b 67657400 		.ascii	"get\000"
 887 014f 07       		.byte	0x7
 888 0150 49       		.byte	0x49
 889 0151 F8000000 		.4byte	0xf8
 890 0155 02       		.byte	0x2
 891 0156 23       		.byte	0x23
 892 0157 0C       		.uleb128 0xc
 893 0158 00       		.byte	0
 894 0159 0A       		.uleb128 0xa
 895 015a 01       		.byte	0x1
 896 015b 62000000 		.4byte	0x62
 897 015f 73010000 		.4byte	0x173
 898 0163 0B       		.uleb128 0xb
 899 0164 4E000000 		.4byte	0x4e
 900 0168 0B       		.uleb128 0xb
 901 0169 73010000 		.4byte	0x173
 902 016d 0B       		.uleb128 0xb
 903 016e 62000000 		.4byte	0x62
 904 0172 00       		.byte	0
 905 0173 08       		.uleb128 0x8
 906 0174 04       		.byte	0x4
 907 0175 79010000 		.4byte	0x179
 908 0179 09       		.uleb128 0x9
 909 017a 7B000000 		.4byte	0x7b
 910 017e 08       		.uleb128 0x8
ARM GAS  C:\Users\GRACEK~1\AppData\Local\Temp\ccDboMqG.s 			page 17


 911 017f 04       		.byte	0x4
 912 0180 59010000 		.4byte	0x159
 913 0184 0A       		.uleb128 0xa
 914 0185 01       		.byte	0x1
 915 0186 62000000 		.4byte	0x62
 916 018a 9E010000 		.4byte	0x19e
 917 018e 0B       		.uleb128 0xb
 918 018f 4E000000 		.4byte	0x4e
 919 0193 0B       		.uleb128 0xb
 920 0194 0E010000 		.4byte	0x10e
 921 0198 0B       		.uleb128 0xb
 922 0199 62000000 		.4byte	0x62
 923 019d 00       		.byte	0
 924 019e 08       		.uleb128 0x8
 925 019f 04       		.byte	0x4
 926 01a0 84010000 		.4byte	0x184
 927 01a4 0A       		.uleb128 0xa
 928 01a5 01       		.byte	0x1
 929 01a6 D4000000 		.4byte	0xd4
 930 01aa B9010000 		.4byte	0x1b9
 931 01ae 0B       		.uleb128 0xb
 932 01af 4E000000 		.4byte	0x4e
 933 01b3 0B       		.uleb128 0xb
 934 01b4 7B000000 		.4byte	0x7b
 935 01b8 00       		.byte	0
 936 01b9 08       		.uleb128 0x8
 937 01ba 04       		.byte	0x4
 938 01bb A4010000 		.4byte	0x1a4
 939 01bf 0E       		.uleb128 0xe
 940 01c0 04       		.byte	0x4
 941 01c1 07       		.byte	0x7
 942 01c2 51       		.byte	0x51
 943 01c3 D6010000 		.4byte	0x1d6
 944 01c7 0D       		.uleb128 0xd
 945 01c8 766D7400 		.ascii	"vmt\000"
 946 01cc 07       		.byte	0x7
 947 01cd 53       		.byte	0x53
 948 01ce D6010000 		.4byte	0x1d6
 949 01d2 02       		.byte	0x2
 950 01d3 23       		.byte	0x23
 951 01d4 00       		.uleb128 0
 952 01d5 00       		.byte	0
 953 01d6 08       		.uleb128 0x8
 954 01d7 04       		.byte	0x4
 955 01d8 DC010000 		.4byte	0x1dc
 956 01dc 09       		.uleb128 0x9
 957 01dd 14010000 		.4byte	0x114
 958 01e1 02       		.uleb128 0x2
 959 01e2 79000000 		.4byte	.LASF23
 960 01e6 07       		.byte	0x7
 961 01e7 55       		.byte	0x55
 962 01e8 BF010000 		.4byte	0x1bf
 963 01ec 0F       		.uleb128 0xf
 964 01ed 4D000000 		.4byte	.LASF26
 965 01f1 01       		.byte	0x1
 966 01f2 24       		.byte	0x24
 967 01f3 01       		.byte	0x1
ARM GAS  C:\Users\GRACEK~1\AppData\Local\Temp\ccDboMqG.s 			page 18


 968 01f4 4D020000 		.4byte	0x24d
 969 01f8 01       		.byte	0x1
 970 01f9 4D020000 		.4byte	0x24d
 971 01fd 10       		.uleb128 0x10
 972 01fe 7000     		.ascii	"p\000"
 973 0200 01       		.byte	0x1
 974 0201 24       		.byte	0x24
 975 0202 4D020000 		.4byte	0x24d
 976 0206 10       		.uleb128 0x10
 977 0207 6E756D00 		.ascii	"num\000"
 978 020b 01       		.byte	0x1
 979 020c 25       		.byte	0x25
 980 020d A6000000 		.4byte	0xa6
 981 0211 11       		.uleb128 0x11
 982 0212 40000000 		.4byte	.LASF24
 983 0216 01       		.byte	0x1
 984 0217 26       		.byte	0x26
 985 0218 6D000000 		.4byte	0x6d
 986 021c 11       		.uleb128 0x11
 987 021d 15010000 		.4byte	.LASF25
 988 0221 01       		.byte	0x1
 989 0222 27       		.byte	0x27
 990 0223 A6000000 		.4byte	0xa6
 991 0227 12       		.uleb128 0x12
 992 0228 6900     		.ascii	"i\000"
 993 022a 01       		.byte	0x1
 994 022b 28       		.byte	0x28
 995 022c 5B000000 		.4byte	0x5b
 996 0230 12       		.uleb128 0x12
 997 0231 7100     		.ascii	"q\000"
 998 0233 01       		.byte	0x1
 999 0234 29       		.byte	0x29
 1000 0235 4D020000 		.4byte	0x24d
 1001 0239 12       		.uleb128 0x12
 1002 023a 6C00     		.ascii	"l\000"
 1003 023c 01       		.byte	0x1
 1004 023d 2A       		.byte	0x2a
 1005 023e A6000000 		.4byte	0xa6
 1006 0242 12       		.uleb128 0x12
 1007 0243 6C6C00   		.ascii	"ll\000"
 1008 0246 01       		.byte	0x1
 1009 0247 2A       		.byte	0x2a
 1010 0248 A6000000 		.4byte	0xa6
 1011 024c 00       		.byte	0
 1012 024d 08       		.uleb128 0x8
 1013 024e 04       		.byte	0x4
 1014 024f F1000000 		.4byte	0xf1
 1015 0253 13       		.uleb128 0x13
 1016 0254 EC010000 		.4byte	0x1ec
 1017 0258 00000000 		.4byte	.LFB10
 1018 025c 4C000000 		.4byte	.LFE10
 1019 0260 00000000 		.4byte	.LLST0
 1020 0264 01       		.byte	0x1
 1021 0265 AF020000 		.4byte	0x2af
 1022 0269 14       		.uleb128 0x14
 1023 026a FD010000 		.4byte	0x1fd
 1024 026e 20000000 		.4byte	.LLST1
ARM GAS  C:\Users\GRACEK~1\AppData\Local\Temp\ccDboMqG.s 			page 19


 1025 0272 14       		.uleb128 0x14
 1026 0273 06020000 		.4byte	0x206
 1027 0277 3E000000 		.4byte	.LLST2
 1028 027b 14       		.uleb128 0x14
 1029 027c 11020000 		.4byte	0x211
 1030 0280 5F000000 		.4byte	.LLST3
 1031 0284 15       		.uleb128 0x15
 1032 0285 27020000 		.4byte	0x227
 1033 0289 80000000 		.4byte	.LLST4
 1034 028d 15       		.uleb128 0x15
 1035 028e 30020000 		.4byte	0x230
 1036 0292 C9000000 		.4byte	.LLST5
 1037 0296 15       		.uleb128 0x15
 1038 0297 39020000 		.4byte	0x239
 1039 029b F2000000 		.4byte	.LLST6
 1040 029f 15       		.uleb128 0x15
 1041 02a0 42020000 		.4byte	0x242
 1042 02a4 1B010000 		.4byte	.LLST7
 1043 02a8 16       		.uleb128 0x16
 1044 02a9 1C020000 		.4byte	0x21c
 1045 02ad 00       		.byte	0
 1046 02ae 00       		.byte	0
 1047 02af 0F       		.uleb128 0xf
 1048 02b0 CB010000 		.4byte	.LASF27
 1049 02b4 01       		.byte	0x1
 1050 02b5 45       		.byte	0x45
 1051 02b6 01       		.byte	0x1
 1052 02b7 4D020000 		.4byte	0x24d
 1053 02bb 01       		.byte	0x1
 1054 02bc E0020000 		.4byte	0x2e0
 1055 02c0 10       		.uleb128 0x10
 1056 02c1 7000     		.ascii	"p\000"
 1057 02c3 01       		.byte	0x1
 1058 02c4 45       		.byte	0x45
 1059 02c5 4D020000 		.4byte	0x24d
 1060 02c9 10       		.uleb128 0x10
 1061 02ca 6E756D00 		.ascii	"num\000"
 1062 02ce 01       		.byte	0x1
 1063 02cf 45       		.byte	0x45
 1064 02d0 A6000000 		.4byte	0xa6
 1065 02d4 11       		.uleb128 0x11
 1066 02d5 40000000 		.4byte	.LASF24
 1067 02d9 01       		.byte	0x1
 1068 02da 45       		.byte	0x45
 1069 02db 6D000000 		.4byte	0x6d
 1070 02df 00       		.byte	0
 1071 02e0 17       		.uleb128 0x17
 1072 02e1 01       		.byte	0x1
 1073 02e2 CD000000 		.4byte	.LASF38
 1074 02e6 01       		.byte	0x1
 1075 02e7 6C       		.byte	0x6c
 1076 02e8 01       		.byte	0x1
 1077 02e9 00000000 		.4byte	.LFB9
 1078 02ed C8020000 		.4byte	.LFE9
 1079 02f1 44010000 		.4byte	.LLST8
 1080 02f5 01       		.byte	0x1
 1081 02f6 A1040000 		.4byte	0x4a1
ARM GAS  C:\Users\GRACEK~1\AppData\Local\Temp\ccDboMqG.s 			page 20


 1082 02fa 18       		.uleb128 0x18
 1083 02fb 63687000 		.ascii	"chp\000"
 1084 02ff 01       		.byte	0x1
 1085 0300 6C       		.byte	0x6c
 1086 0301 A1040000 		.4byte	0x4a1
 1087 0305 7D010000 		.4byte	.LLST9
 1088 0309 18       		.uleb128 0x18
 1089 030a 666D7400 		.ascii	"fmt\000"
 1090 030e 01       		.byte	0x1
 1091 030f 6C       		.byte	0x6c
 1092 0310 E6000000 		.4byte	0xe6
 1093 0314 9B010000 		.4byte	.LLST10
 1094 0318 19       		.uleb128 0x19
 1095 0319 1A       		.uleb128 0x1a
 1096 031a 617000   		.ascii	"ap\000"
 1097 031d 01       		.byte	0x1
 1098 031e 6D       		.byte	0x6d
 1099 031f 50000000 		.4byte	0x50
 1100 0323 02       		.byte	0x2
 1101 0324 91       		.byte	0x91
 1102 0325 40       		.sleb128 -64
 1103 0326 1B       		.uleb128 0x1b
 1104 0327 7000     		.ascii	"p\000"
 1105 0329 01       		.byte	0x1
 1106 032a 6E       		.byte	0x6e
 1107 032b 4D020000 		.4byte	0x24d
 1108 032f 1F020000 		.4byte	.LLST11
 1109 0333 1B       		.uleb128 0x1b
 1110 0334 7300     		.ascii	"s\000"
 1111 0336 01       		.byte	0x1
 1112 0337 6E       		.byte	0x6e
 1113 0338 4D020000 		.4byte	0x24d
 1114 033c DA020000 		.4byte	.LLST12
 1115 0340 1B       		.uleb128 0x1b
 1116 0341 6300     		.ascii	"c\000"
 1117 0343 01       		.byte	0x1
 1118 0344 6E       		.byte	0x6e
 1119 0345 F1000000 		.4byte	0xf1
 1120 0349 3C030000 		.4byte	.LLST13
 1121 034d 1C       		.uleb128 0x1c
 1122 034e EA000000 		.4byte	.LASF28
 1123 0352 01       		.byte	0x1
 1124 0353 6E       		.byte	0x6e
 1125 0354 F1000000 		.4byte	0xf1
 1126 0358 53040000 		.4byte	.LLST14
 1127 035c 1B       		.uleb128 0x1b
 1128 035d 6900     		.ascii	"i\000"
 1129 035f 01       		.byte	0x1
 1130 0360 6F       		.byte	0x6f
 1131 0361 5B000000 		.4byte	0x5b
 1132 0365 D3040000 		.4byte	.LLST15
 1133 0369 1C       		.uleb128 0x1c
 1134 036a 00000000 		.4byte	.LASF29
 1135 036e 01       		.byte	0x1
 1136 036f 6F       		.byte	0x6f
 1137 0370 5B000000 		.4byte	0x5b
 1138 0374 09050000 		.4byte	.LLST16
ARM GAS  C:\Users\GRACEK~1\AppData\Local\Temp\ccDboMqG.s 			page 21


 1139 0378 1C       		.uleb128 0x1c
 1140 0379 C7000000 		.4byte	.LASF30
 1141 037d 01       		.byte	0x1
 1142 037e 6F       		.byte	0x6f
 1143 037f 5B000000 		.4byte	0x5b
 1144 0383 9C050000 		.4byte	.LLST17
 1145 0387 1C       		.uleb128 0x1c
 1146 0388 38000000 		.4byte	.LASF31
 1147 038c 01       		.byte	0x1
 1148 038d 70       		.byte	0x70
 1149 038e C2000000 		.4byte	0xc2
 1150 0392 17060000 		.4byte	.LLST18
 1151 0396 1C       		.uleb128 0x1c
 1152 0397 91010000 		.4byte	.LASF32
 1153 039b 01       		.byte	0x1
 1154 039c 70       		.byte	0x70
 1155 039d C2000000 		.4byte	0xc2
 1156 03a1 A6060000 		.4byte	.LLST19
 1157 03a5 1B       		.uleb128 0x1b
 1158 03a6 6C00     		.ascii	"l\000"
 1159 03a8 01       		.byte	0x1
 1160 03a9 71       		.byte	0x71
 1161 03aa A6000000 		.4byte	0xa6
 1162 03ae F3060000 		.4byte	.LLST20
 1163 03b2 1D       		.uleb128 0x1d
 1164 03b3 39010000 		.4byte	.LASF33
 1165 03b7 01       		.byte	0x1
 1166 03b8 76       		.byte	0x76
 1167 03b9 A7040000 		.4byte	0x4a7
 1168 03bd 02       		.byte	0x2
 1169 03be 91       		.byte	0x91
 1170 03bf 44       		.sleb128 -60
 1171 03c0 1E       		.uleb128 0x1e
 1172 03c1 A6010000 		.4byte	.LASF39
 1173 03c5 01       		.byte	0x1
 1174 03c6 E4       		.byte	0xe4
 1175 03c7 28020000 		.4byte	.L29
 1176 03cb 1F       		.uleb128 0x1f
 1177 03cc AF020000 		.4byte	0x2af
 1178 03d0 32020000 		.4byte	.LBB6
 1179 03d4 38020000 		.4byte	.LBE6
 1180 03d8 01       		.byte	0x1
 1181 03d9 E9       		.byte	0xe9
 1182 03da 0A040000 		.4byte	0x40a
 1183 03de 14       		.uleb128 0x14
 1184 03df D4020000 		.4byte	0x2d4
 1185 03e3 27070000 		.4byte	.LLST21
 1186 03e7 14       		.uleb128 0x14
 1187 03e8 C9020000 		.4byte	0x2c9
 1188 03ec 3A070000 		.4byte	.LLST22
 1189 03f0 14       		.uleb128 0x14
 1190 03f1 C0020000 		.4byte	0x2c0
 1191 03f5 4D070000 		.4byte	.LLST23
 1192 03f9 20       		.uleb128 0x20
 1193 03fa 38020000 		.4byte	.LVL87
 1194 03fe 53020000 		.4byte	0x253
 1195 0402 21       		.uleb128 0x21
ARM GAS  C:\Users\GRACEK~1\AppData\Local\Temp\ccDboMqG.s 			page 22


 1196 0403 01       		.byte	0x1
 1197 0404 50       		.byte	0x50
 1198 0405 02       		.byte	0x2
 1199 0406 78       		.byte	0x78
 1200 0407 00       		.sleb128 0
 1201 0408 00       		.byte	0
 1202 0409 00       		.byte	0
 1203 040a 1F       		.uleb128 0x1f
 1204 040b AF020000 		.4byte	0x2af
 1205 040f 62020000 		.4byte	.LBB8
 1206 0413 68020000 		.4byte	.LBE8
 1207 0417 01       		.byte	0x1
 1208 0418 CD       		.byte	0xcd
 1209 0419 48040000 		.4byte	0x448
 1210 041d 14       		.uleb128 0x14
 1211 041e D4020000 		.4byte	0x2d4
 1212 0422 60070000 		.4byte	.LLST24
 1213 0426 14       		.uleb128 0x14
 1214 0427 C9020000 		.4byte	0x2c9
 1215 042b 74070000 		.4byte	.LLST25
 1216 042f 14       		.uleb128 0x14
 1217 0430 C0020000 		.4byte	0x2c0
 1218 0434 87070000 		.4byte	.LLST26
 1219 0438 20       		.uleb128 0x20
 1220 0439 68020000 		.4byte	.LVL98
 1221 043d 53020000 		.4byte	0x253
 1222 0441 21       		.uleb128 0x21
 1223 0442 01       		.byte	0x1
 1224 0443 52       		.byte	0x52
 1225 0444 01       		.byte	0x1
 1226 0445 3A       		.byte	0x3a
 1227 0446 00       		.byte	0
 1228 0447 00       		.byte	0
 1229 0448 22       		.uleb128 0x22
 1230 0449 3C000000 		.4byte	.LVL22
 1231 044d 58040000 		.4byte	0x458
 1232 0451 21       		.uleb128 0x21
 1233 0452 01       		.byte	0x1
 1234 0453 50       		.byte	0x50
 1235 0454 02       		.byte	0x2
 1236 0455 76       		.byte	0x76
 1237 0456 00       		.sleb128 0
 1238 0457 00       		.byte	0
 1239 0458 22       		.uleb128 0x22
 1240 0459 CC010000 		.4byte	.LVL67
 1241 045d 68040000 		.4byte	0x468
 1242 0461 21       		.uleb128 0x21
 1243 0462 01       		.byte	0x1
 1244 0463 50       		.byte	0x50
 1245 0464 02       		.byte	0x2
 1246 0465 76       		.byte	0x76
 1247 0466 00       		.sleb128 0
 1248 0467 00       		.byte	0
 1249 0468 22       		.uleb128 0x22
 1250 0469 E0010000 		.4byte	.LVL69
 1251 046d 7E040000 		.4byte	0x47e
 1252 0471 21       		.uleb128 0x21
ARM GAS  C:\Users\GRACEK~1\AppData\Local\Temp\ccDboMqG.s 			page 23


 1253 0472 01       		.byte	0x1
 1254 0473 51       		.byte	0x51
 1255 0474 02       		.byte	0x2
 1256 0475 77       		.byte	0x77
 1257 0476 00       		.sleb128 0
 1258 0477 21       		.uleb128 0x21
 1259 0478 01       		.byte	0x1
 1260 0479 50       		.byte	0x50
 1261 047a 02       		.byte	0x2
 1262 047b 76       		.byte	0x76
 1263 047c 00       		.sleb128 0
 1264 047d 00       		.byte	0
 1265 047e 22       		.uleb128 0x22
 1266 047f 20020000 		.4byte	.LVL81
 1267 0483 94040000 		.4byte	0x494
 1268 0487 21       		.uleb128 0x21
 1269 0488 01       		.byte	0x1
 1270 0489 51       		.byte	0x51
 1271 048a 02       		.byte	0x2
 1272 048b 77       		.byte	0x77
 1273 048c 00       		.sleb128 0
 1274 048d 21       		.uleb128 0x21
 1275 048e 01       		.byte	0x1
 1276 048f 50       		.byte	0x50
 1277 0490 02       		.byte	0x2
 1278 0491 76       		.byte	0x76
 1279 0492 00       		.sleb128 0
 1280 0493 00       		.byte	0
 1281 0494 23       		.uleb128 0x23
 1282 0495 B0020000 		.4byte	.LVL110
 1283 0499 21       		.uleb128 0x21
 1284 049a 01       		.byte	0x1
 1285 049b 50       		.byte	0x50
 1286 049c 02       		.byte	0x2
 1287 049d 76       		.byte	0x76
 1288 049e 00       		.sleb128 0
 1289 049f 00       		.byte	0
 1290 04a0 00       		.byte	0
 1291 04a1 08       		.uleb128 0x8
 1292 04a2 04       		.byte	0x4
 1293 04a3 E1010000 		.4byte	0x1e1
 1294 04a7 24       		.uleb128 0x24
 1295 04a8 F1000000 		.4byte	0xf1
 1296 04ac 25       		.uleb128 0x25
 1297 04ad DF000000 		.4byte	0xdf
 1298 04b1 0B       		.byte	0xb
 1299 04b2 00       		.byte	0
 1300 04b3 00       		.byte	0
 1301              		.section	.debug_abbrev,"",%progbits
 1302              	.Ldebug_abbrev0:
 1303 0000 01       		.uleb128 0x1
 1304 0001 11       		.uleb128 0x11
 1305 0002 01       		.byte	0x1
 1306 0003 25       		.uleb128 0x25
 1307 0004 0E       		.uleb128 0xe
 1308 0005 13       		.uleb128 0x13
 1309 0006 0B       		.uleb128 0xb
ARM GAS  C:\Users\GRACEK~1\AppData\Local\Temp\ccDboMqG.s 			page 24


 1310 0007 03       		.uleb128 0x3
 1311 0008 0E       		.uleb128 0xe
 1312 0009 1B       		.uleb128 0x1b
 1313 000a 0E       		.uleb128 0xe
 1314 000b 55       		.uleb128 0x55
 1315 000c 06       		.uleb128 0x6
 1316 000d 11       		.uleb128 0x11
 1317 000e 01       		.uleb128 0x1
 1318 000f 52       		.uleb128 0x52
 1319 0010 01       		.uleb128 0x1
 1320 0011 10       		.uleb128 0x10
 1321 0012 06       		.uleb128 0x6
 1322 0013 00       		.byte	0
 1323 0014 00       		.byte	0
 1324 0015 02       		.uleb128 0x2
 1325 0016 16       		.uleb128 0x16
 1326 0017 00       		.byte	0
 1327 0018 03       		.uleb128 0x3
 1328 0019 0E       		.uleb128 0xe
 1329 001a 3A       		.uleb128 0x3a
 1330 001b 0B       		.uleb128 0xb
 1331 001c 3B       		.uleb128 0x3b
 1332 001d 0B       		.uleb128 0xb
 1333 001e 49       		.uleb128 0x49
 1334 001f 13       		.uleb128 0x13
 1335 0020 00       		.byte	0
 1336 0021 00       		.byte	0
 1337 0022 03       		.uleb128 0x3
 1338 0023 13       		.uleb128 0x13
 1339 0024 01       		.byte	0x1
 1340 0025 03       		.uleb128 0x3
 1341 0026 0E       		.uleb128 0xe
 1342 0027 0B       		.uleb128 0xb
 1343 0028 0B       		.uleb128 0xb
 1344 0029 3A       		.uleb128 0x3a
 1345 002a 0B       		.uleb128 0xb
 1346 002b 3B       		.uleb128 0x3b
 1347 002c 0B       		.uleb128 0xb
 1348 002d 01       		.uleb128 0x1
 1349 002e 13       		.uleb128 0x13
 1350 002f 00       		.byte	0
 1351 0030 00       		.byte	0
 1352 0031 04       		.uleb128 0x4
 1353 0032 0D       		.uleb128 0xd
 1354 0033 00       		.byte	0
 1355 0034 03       		.uleb128 0x3
 1356 0035 0E       		.uleb128 0xe
 1357 0036 49       		.uleb128 0x49
 1358 0037 13       		.uleb128 0x13
 1359 0038 38       		.uleb128 0x38
 1360 0039 0A       		.uleb128 0xa
 1361 003a 34       		.uleb128 0x34
 1362 003b 0C       		.uleb128 0xc
 1363 003c 00       		.byte	0
 1364 003d 00       		.byte	0
 1365 003e 05       		.uleb128 0x5
 1366 003f 0F       		.uleb128 0xf
ARM GAS  C:\Users\GRACEK~1\AppData\Local\Temp\ccDboMqG.s 			page 25


 1367 0040 00       		.byte	0
 1368 0041 0B       		.uleb128 0xb
 1369 0042 0B       		.uleb128 0xb
 1370 0043 00       		.byte	0
 1371 0044 00       		.byte	0
 1372 0045 06       		.uleb128 0x6
 1373 0046 24       		.uleb128 0x24
 1374 0047 00       		.byte	0
 1375 0048 0B       		.uleb128 0xb
 1376 0049 0B       		.uleb128 0xb
 1377 004a 3E       		.uleb128 0x3e
 1378 004b 0B       		.uleb128 0xb
 1379 004c 03       		.uleb128 0x3
 1380 004d 08       		.uleb128 0x8
 1381 004e 00       		.byte	0
 1382 004f 00       		.byte	0
 1383 0050 07       		.uleb128 0x7
 1384 0051 24       		.uleb128 0x24
 1385 0052 00       		.byte	0
 1386 0053 0B       		.uleb128 0xb
 1387 0054 0B       		.uleb128 0xb
 1388 0055 3E       		.uleb128 0x3e
 1389 0056 0B       		.uleb128 0xb
 1390 0057 03       		.uleb128 0x3
 1391 0058 0E       		.uleb128 0xe
 1392 0059 00       		.byte	0
 1393 005a 00       		.byte	0
 1394 005b 08       		.uleb128 0x8
 1395 005c 0F       		.uleb128 0xf
 1396 005d 00       		.byte	0
 1397 005e 0B       		.uleb128 0xb
 1398 005f 0B       		.uleb128 0xb
 1399 0060 49       		.uleb128 0x49
 1400 0061 13       		.uleb128 0x13
 1401 0062 00       		.byte	0
 1402 0063 00       		.byte	0
 1403 0064 09       		.uleb128 0x9
 1404 0065 26       		.uleb128 0x26
 1405 0066 00       		.byte	0
 1406 0067 49       		.uleb128 0x49
 1407 0068 13       		.uleb128 0x13
 1408 0069 00       		.byte	0
 1409 006a 00       		.byte	0
 1410 006b 0A       		.uleb128 0xa
 1411 006c 15       		.uleb128 0x15
 1412 006d 01       		.byte	0x1
 1413 006e 27       		.uleb128 0x27
 1414 006f 0C       		.uleb128 0xc
 1415 0070 49       		.uleb128 0x49
 1416 0071 13       		.uleb128 0x13
 1417 0072 01       		.uleb128 0x1
 1418 0073 13       		.uleb128 0x13
 1419 0074 00       		.byte	0
 1420 0075 00       		.byte	0
 1421 0076 0B       		.uleb128 0xb
 1422 0077 05       		.uleb128 0x5
 1423 0078 00       		.byte	0
ARM GAS  C:\Users\GRACEK~1\AppData\Local\Temp\ccDboMqG.s 			page 26


 1424 0079 49       		.uleb128 0x49
 1425 007a 13       		.uleb128 0x13
 1426 007b 00       		.byte	0
 1427 007c 00       		.byte	0
 1428 007d 0C       		.uleb128 0xc
 1429 007e 0D       		.uleb128 0xd
 1430 007f 00       		.byte	0
 1431 0080 03       		.uleb128 0x3
 1432 0081 0E       		.uleb128 0xe
 1433 0082 3A       		.uleb128 0x3a
 1434 0083 0B       		.uleb128 0xb
 1435 0084 3B       		.uleb128 0x3b
 1436 0085 0B       		.uleb128 0xb
 1437 0086 49       		.uleb128 0x49
 1438 0087 13       		.uleb128 0x13
 1439 0088 38       		.uleb128 0x38
 1440 0089 0A       		.uleb128 0xa
 1441 008a 00       		.byte	0
 1442 008b 00       		.byte	0
 1443 008c 0D       		.uleb128 0xd
 1444 008d 0D       		.uleb128 0xd
 1445 008e 00       		.byte	0
 1446 008f 03       		.uleb128 0x3
 1447 0090 08       		.uleb128 0x8
 1448 0091 3A       		.uleb128 0x3a
 1449 0092 0B       		.uleb128 0xb
 1450 0093 3B       		.uleb128 0x3b
 1451 0094 0B       		.uleb128 0xb
 1452 0095 49       		.uleb128 0x49
 1453 0096 13       		.uleb128 0x13
 1454 0097 38       		.uleb128 0x38
 1455 0098 0A       		.uleb128 0xa
 1456 0099 00       		.byte	0
 1457 009a 00       		.byte	0
 1458 009b 0E       		.uleb128 0xe
 1459 009c 13       		.uleb128 0x13
 1460 009d 01       		.byte	0x1
 1461 009e 0B       		.uleb128 0xb
 1462 009f 0B       		.uleb128 0xb
 1463 00a0 3A       		.uleb128 0x3a
 1464 00a1 0B       		.uleb128 0xb
 1465 00a2 3B       		.uleb128 0x3b
 1466 00a3 0B       		.uleb128 0xb
 1467 00a4 01       		.uleb128 0x1
 1468 00a5 13       		.uleb128 0x13
 1469 00a6 00       		.byte	0
 1470 00a7 00       		.byte	0
 1471 00a8 0F       		.uleb128 0xf
 1472 00a9 2E       		.uleb128 0x2e
 1473 00aa 01       		.byte	0x1
 1474 00ab 03       		.uleb128 0x3
 1475 00ac 0E       		.uleb128 0xe
 1476 00ad 3A       		.uleb128 0x3a
 1477 00ae 0B       		.uleb128 0xb
 1478 00af 3B       		.uleb128 0x3b
 1479 00b0 0B       		.uleb128 0xb
 1480 00b1 27       		.uleb128 0x27
ARM GAS  C:\Users\GRACEK~1\AppData\Local\Temp\ccDboMqG.s 			page 27


 1481 00b2 0C       		.uleb128 0xc
 1482 00b3 49       		.uleb128 0x49
 1483 00b4 13       		.uleb128 0x13
 1484 00b5 20       		.uleb128 0x20
 1485 00b6 0B       		.uleb128 0xb
 1486 00b7 01       		.uleb128 0x1
 1487 00b8 13       		.uleb128 0x13
 1488 00b9 00       		.byte	0
 1489 00ba 00       		.byte	0
 1490 00bb 10       		.uleb128 0x10
 1491 00bc 05       		.uleb128 0x5
 1492 00bd 00       		.byte	0
 1493 00be 03       		.uleb128 0x3
 1494 00bf 08       		.uleb128 0x8
 1495 00c0 3A       		.uleb128 0x3a
 1496 00c1 0B       		.uleb128 0xb
 1497 00c2 3B       		.uleb128 0x3b
 1498 00c3 0B       		.uleb128 0xb
 1499 00c4 49       		.uleb128 0x49
 1500 00c5 13       		.uleb128 0x13
 1501 00c6 00       		.byte	0
 1502 00c7 00       		.byte	0
 1503 00c8 11       		.uleb128 0x11
 1504 00c9 05       		.uleb128 0x5
 1505 00ca 00       		.byte	0
 1506 00cb 03       		.uleb128 0x3
 1507 00cc 0E       		.uleb128 0xe
 1508 00cd 3A       		.uleb128 0x3a
 1509 00ce 0B       		.uleb128 0xb
 1510 00cf 3B       		.uleb128 0x3b
 1511 00d0 0B       		.uleb128 0xb
 1512 00d1 49       		.uleb128 0x49
 1513 00d2 13       		.uleb128 0x13
 1514 00d3 00       		.byte	0
 1515 00d4 00       		.byte	0
 1516 00d5 12       		.uleb128 0x12
 1517 00d6 34       		.uleb128 0x34
 1518 00d7 00       		.byte	0
 1519 00d8 03       		.uleb128 0x3
 1520 00d9 08       		.uleb128 0x8
 1521 00da 3A       		.uleb128 0x3a
 1522 00db 0B       		.uleb128 0xb
 1523 00dc 3B       		.uleb128 0x3b
 1524 00dd 0B       		.uleb128 0xb
 1525 00de 49       		.uleb128 0x49
 1526 00df 13       		.uleb128 0x13
 1527 00e0 00       		.byte	0
 1528 00e1 00       		.byte	0
 1529 00e2 13       		.uleb128 0x13
 1530 00e3 2E       		.uleb128 0x2e
 1531 00e4 01       		.byte	0x1
 1532 00e5 31       		.uleb128 0x31
 1533 00e6 13       		.uleb128 0x13
 1534 00e7 11       		.uleb128 0x11
 1535 00e8 01       		.uleb128 0x1
 1536 00e9 12       		.uleb128 0x12
 1537 00ea 01       		.uleb128 0x1
ARM GAS  C:\Users\GRACEK~1\AppData\Local\Temp\ccDboMqG.s 			page 28


 1538 00eb 40       		.uleb128 0x40
 1539 00ec 06       		.uleb128 0x6
 1540 00ed 9742     		.uleb128 0x2117
 1541 00ef 0C       		.uleb128 0xc
 1542 00f0 01       		.uleb128 0x1
 1543 00f1 13       		.uleb128 0x13
 1544 00f2 00       		.byte	0
 1545 00f3 00       		.byte	0
 1546 00f4 14       		.uleb128 0x14
 1547 00f5 05       		.uleb128 0x5
 1548 00f6 00       		.byte	0
 1549 00f7 31       		.uleb128 0x31
 1550 00f8 13       		.uleb128 0x13
 1551 00f9 02       		.uleb128 0x2
 1552 00fa 06       		.uleb128 0x6
 1553 00fb 00       		.byte	0
 1554 00fc 00       		.byte	0
 1555 00fd 15       		.uleb128 0x15
 1556 00fe 34       		.uleb128 0x34
 1557 00ff 00       		.byte	0
 1558 0100 31       		.uleb128 0x31
 1559 0101 13       		.uleb128 0x13
 1560 0102 02       		.uleb128 0x2
 1561 0103 06       		.uleb128 0x6
 1562 0104 00       		.byte	0
 1563 0105 00       		.byte	0
 1564 0106 16       		.uleb128 0x16
 1565 0107 05       		.uleb128 0x5
 1566 0108 00       		.byte	0
 1567 0109 31       		.uleb128 0x31
 1568 010a 13       		.uleb128 0x13
 1569 010b 1C       		.uleb128 0x1c
 1570 010c 0B       		.uleb128 0xb
 1571 010d 00       		.byte	0
 1572 010e 00       		.byte	0
 1573 010f 17       		.uleb128 0x17
 1574 0110 2E       		.uleb128 0x2e
 1575 0111 01       		.byte	0x1
 1576 0112 3F       		.uleb128 0x3f
 1577 0113 0C       		.uleb128 0xc
 1578 0114 03       		.uleb128 0x3
 1579 0115 0E       		.uleb128 0xe
 1580 0116 3A       		.uleb128 0x3a
 1581 0117 0B       		.uleb128 0xb
 1582 0118 3B       		.uleb128 0x3b
 1583 0119 0B       		.uleb128 0xb
 1584 011a 27       		.uleb128 0x27
 1585 011b 0C       		.uleb128 0xc
 1586 011c 11       		.uleb128 0x11
 1587 011d 01       		.uleb128 0x1
 1588 011e 12       		.uleb128 0x12
 1589 011f 01       		.uleb128 0x1
 1590 0120 40       		.uleb128 0x40
 1591 0121 06       		.uleb128 0x6
 1592 0122 9742     		.uleb128 0x2117
 1593 0124 0C       		.uleb128 0xc
 1594 0125 01       		.uleb128 0x1
ARM GAS  C:\Users\GRACEK~1\AppData\Local\Temp\ccDboMqG.s 			page 29


 1595 0126 13       		.uleb128 0x13
 1596 0127 00       		.byte	0
 1597 0128 00       		.byte	0
 1598 0129 18       		.uleb128 0x18
 1599 012a 05       		.uleb128 0x5
 1600 012b 00       		.byte	0
 1601 012c 03       		.uleb128 0x3
 1602 012d 08       		.uleb128 0x8
 1603 012e 3A       		.uleb128 0x3a
 1604 012f 0B       		.uleb128 0xb
 1605 0130 3B       		.uleb128 0x3b
 1606 0131 0B       		.uleb128 0xb
 1607 0132 49       		.uleb128 0x49
 1608 0133 13       		.uleb128 0x13
 1609 0134 02       		.uleb128 0x2
 1610 0135 06       		.uleb128 0x6
 1611 0136 00       		.byte	0
 1612 0137 00       		.byte	0
 1613 0138 19       		.uleb128 0x19
 1614 0139 18       		.uleb128 0x18
 1615 013a 00       		.byte	0
 1616 013b 00       		.byte	0
 1617 013c 00       		.byte	0
 1618 013d 1A       		.uleb128 0x1a
 1619 013e 34       		.uleb128 0x34
 1620 013f 00       		.byte	0
 1621 0140 03       		.uleb128 0x3
 1622 0141 08       		.uleb128 0x8
 1623 0142 3A       		.uleb128 0x3a
 1624 0143 0B       		.uleb128 0xb
 1625 0144 3B       		.uleb128 0x3b
 1626 0145 0B       		.uleb128 0xb
 1627 0146 49       		.uleb128 0x49
 1628 0147 13       		.uleb128 0x13
 1629 0148 02       		.uleb128 0x2
 1630 0149 0A       		.uleb128 0xa
 1631 014a 00       		.byte	0
 1632 014b 00       		.byte	0
 1633 014c 1B       		.uleb128 0x1b
 1634 014d 34       		.uleb128 0x34
 1635 014e 00       		.byte	0
 1636 014f 03       		.uleb128 0x3
 1637 0150 08       		.uleb128 0x8
 1638 0151 3A       		.uleb128 0x3a
 1639 0152 0B       		.uleb128 0xb
 1640 0153 3B       		.uleb128 0x3b
 1641 0154 0B       		.uleb128 0xb
 1642 0155 49       		.uleb128 0x49
 1643 0156 13       		.uleb128 0x13
 1644 0157 02       		.uleb128 0x2
 1645 0158 06       		.uleb128 0x6
 1646 0159 00       		.byte	0
 1647 015a 00       		.byte	0
 1648 015b 1C       		.uleb128 0x1c
 1649 015c 34       		.uleb128 0x34
 1650 015d 00       		.byte	0
 1651 015e 03       		.uleb128 0x3
ARM GAS  C:\Users\GRACEK~1\AppData\Local\Temp\ccDboMqG.s 			page 30


 1652 015f 0E       		.uleb128 0xe
 1653 0160 3A       		.uleb128 0x3a
 1654 0161 0B       		.uleb128 0xb
 1655 0162 3B       		.uleb128 0x3b
 1656 0163 0B       		.uleb128 0xb
 1657 0164 49       		.uleb128 0x49
 1658 0165 13       		.uleb128 0x13
 1659 0166 02       		.uleb128 0x2
 1660 0167 06       		.uleb128 0x6
 1661 0168 00       		.byte	0
 1662 0169 00       		.byte	0
 1663 016a 1D       		.uleb128 0x1d
 1664 016b 34       		.uleb128 0x34
 1665 016c 00       		.byte	0
 1666 016d 03       		.uleb128 0x3
 1667 016e 0E       		.uleb128 0xe
 1668 016f 3A       		.uleb128 0x3a
 1669 0170 0B       		.uleb128 0xb
 1670 0171 3B       		.uleb128 0x3b
 1671 0172 0B       		.uleb128 0xb
 1672 0173 49       		.uleb128 0x49
 1673 0174 13       		.uleb128 0x13
 1674 0175 02       		.uleb128 0x2
 1675 0176 0A       		.uleb128 0xa
 1676 0177 00       		.byte	0
 1677 0178 00       		.byte	0
 1678 0179 1E       		.uleb128 0x1e
 1679 017a 0A       		.uleb128 0xa
 1680 017b 00       		.byte	0
 1681 017c 03       		.uleb128 0x3
 1682 017d 0E       		.uleb128 0xe
 1683 017e 3A       		.uleb128 0x3a
 1684 017f 0B       		.uleb128 0xb
 1685 0180 3B       		.uleb128 0x3b
 1686 0181 0B       		.uleb128 0xb
 1687 0182 11       		.uleb128 0x11
 1688 0183 01       		.uleb128 0x1
 1689 0184 00       		.byte	0
 1690 0185 00       		.byte	0
 1691 0186 1F       		.uleb128 0x1f
 1692 0187 1D       		.uleb128 0x1d
 1693 0188 01       		.byte	0x1
 1694 0189 31       		.uleb128 0x31
 1695 018a 13       		.uleb128 0x13
 1696 018b 11       		.uleb128 0x11
 1697 018c 01       		.uleb128 0x1
 1698 018d 12       		.uleb128 0x12
 1699 018e 01       		.uleb128 0x1
 1700 018f 58       		.uleb128 0x58
 1701 0190 0B       		.uleb128 0xb
 1702 0191 59       		.uleb128 0x59
 1703 0192 0B       		.uleb128 0xb
 1704 0193 01       		.uleb128 0x1
 1705 0194 13       		.uleb128 0x13
 1706 0195 00       		.byte	0
 1707 0196 00       		.byte	0
 1708 0197 20       		.uleb128 0x20
ARM GAS  C:\Users\GRACEK~1\AppData\Local\Temp\ccDboMqG.s 			page 31


 1709 0198 898201   		.uleb128 0x4109
 1710 019b 01       		.byte	0x1
 1711 019c 11       		.uleb128 0x11
 1712 019d 01       		.uleb128 0x1
 1713 019e 31       		.uleb128 0x31
 1714 019f 13       		.uleb128 0x13
 1715 01a0 00       		.byte	0
 1716 01a1 00       		.byte	0
 1717 01a2 21       		.uleb128 0x21
 1718 01a3 8A8201   		.uleb128 0x410a
 1719 01a6 00       		.byte	0
 1720 01a7 02       		.uleb128 0x2
 1721 01a8 0A       		.uleb128 0xa
 1722 01a9 9142     		.uleb128 0x2111
 1723 01ab 0A       		.uleb128 0xa
 1724 01ac 00       		.byte	0
 1725 01ad 00       		.byte	0
 1726 01ae 22       		.uleb128 0x22
 1727 01af 898201   		.uleb128 0x4109
 1728 01b2 01       		.byte	0x1
 1729 01b3 11       		.uleb128 0x11
 1730 01b4 01       		.uleb128 0x1
 1731 01b5 01       		.uleb128 0x1
 1732 01b6 13       		.uleb128 0x13
 1733 01b7 00       		.byte	0
 1734 01b8 00       		.byte	0
 1735 01b9 23       		.uleb128 0x23
 1736 01ba 898201   		.uleb128 0x4109
 1737 01bd 01       		.byte	0x1
 1738 01be 11       		.uleb128 0x11
 1739 01bf 01       		.uleb128 0x1
 1740 01c0 00       		.byte	0
 1741 01c1 00       		.byte	0
 1742 01c2 24       		.uleb128 0x24
 1743 01c3 01       		.uleb128 0x1
 1744 01c4 01       		.byte	0x1
 1745 01c5 49       		.uleb128 0x49
 1746 01c6 13       		.uleb128 0x13
 1747 01c7 00       		.byte	0
 1748 01c8 00       		.byte	0
 1749 01c9 25       		.uleb128 0x25
 1750 01ca 21       		.uleb128 0x21
 1751 01cb 00       		.byte	0
 1752 01cc 49       		.uleb128 0x49
 1753 01cd 13       		.uleb128 0x13
 1754 01ce 2F       		.uleb128 0x2f
 1755 01cf 0B       		.uleb128 0xb
 1756 01d0 00       		.byte	0
 1757 01d1 00       		.byte	0
 1758 01d2 00       		.byte	0
 1759              		.section	.debug_loc,"",%progbits
 1760              	.Ldebug_loc0:
 1761              	.LLST0:
 1762 0000 00000000 		.4byte	.LFB10
 1763 0004 02000000 		.4byte	.LCFI0
 1764 0008 0200     		.2byte	0x2
 1765 000a 7D       		.byte	0x7d
ARM GAS  C:\Users\GRACEK~1\AppData\Local\Temp\ccDboMqG.s 			page 32


 1766 000b 00       		.sleb128 0
 1767 000c 02000000 		.4byte	.LCFI0
 1768 0010 4C000000 		.4byte	.LFE10
 1769 0014 0200     		.2byte	0x2
 1770 0016 7D       		.byte	0x7d
 1771 0017 10       		.sleb128 16
 1772 0018 00000000 		.4byte	0
 1773 001c 00000000 		.4byte	0
 1774              	.LLST1:
 1775 0020 00000000 		.4byte	.LVL0
 1776 0024 44000000 		.4byte	.LVL16
 1777 0028 0100     		.2byte	0x1
 1778 002a 50       		.byte	0x50
 1779 002b 44000000 		.4byte	.LVL16
 1780 002f 4C000000 		.4byte	.LFE10
 1781 0033 0100     		.2byte	0x1
 1782 0035 50       		.byte	0x50
 1783 0036 00000000 		.4byte	0
 1784 003a 00000000 		.4byte	0
 1785              	.LLST2:
 1786 003e 00000000 		.4byte	.LVL0
 1787 0042 0C000000 		.4byte	.LVL2
 1788 0046 0100     		.2byte	0x1
 1789 0048 51       		.byte	0x51
 1790 0049 0C000000 		.4byte	.LVL2
 1791 004d 4C000000 		.4byte	.LFE10
 1792 0051 0400     		.2byte	0x4
 1793 0053 F3       		.byte	0xf3
 1794 0054 01       		.uleb128 0x1
 1795 0055 51       		.byte	0x51
 1796 0056 9F       		.byte	0x9f
 1797 0057 00000000 		.4byte	0
 1798 005b 00000000 		.4byte	0
 1799              	.LLST3:
 1800 005f 00000000 		.4byte	.LVL0
 1801 0063 38000000 		.4byte	.LVL13
 1802 0067 0100     		.2byte	0x1
 1803 0069 52       		.byte	0x52
 1804 006a 38000000 		.4byte	.LVL13
 1805 006e 4C000000 		.4byte	.LFE10
 1806 0072 0400     		.2byte	0x4
 1807 0074 F3       		.byte	0xf3
 1808 0075 01       		.uleb128 0x1
 1809 0076 52       		.byte	0x52
 1810 0077 9F       		.byte	0x9f
 1811 0078 00000000 		.4byte	0
 1812 007c 00000000 		.4byte	0
 1813              	.LLST4:
 1814 0080 14000000 		.4byte	.LVL3
 1815 0084 18000000 		.4byte	.LVL4
 1816 0088 0100     		.2byte	0x1
 1817 008a 51       		.byte	0x51
 1818 008b 18000000 		.4byte	.LVL4
 1819 008f 22000000 		.4byte	.LVL6
 1820 0093 0100     		.2byte	0x1
 1821 0095 53       		.byte	0x53
 1822 0096 32000000 		.4byte	.LVL11
ARM GAS  C:\Users\GRACEK~1\AppData\Local\Temp\ccDboMqG.s 			page 33


 1823 009a 36000000 		.4byte	.LVL12
 1824 009e 0600     		.2byte	0x6
 1825 00a0 7C       		.byte	0x7c
 1826 00a1 00       		.sleb128 0
 1827 00a2 77       		.byte	0x77
 1828 00a3 00       		.sleb128 0
 1829 00a4 1C       		.byte	0x1c
 1830 00a5 9F       		.byte	0x9f
 1831 00a6 36000000 		.4byte	.LVL12
 1832 00aa 3A000000 		.4byte	.LVL14
 1833 00ae 0100     		.2byte	0x1
 1834 00b0 51       		.byte	0x51
 1835 00b1 3A000000 		.4byte	.LVL14
 1836 00b5 3C000000 		.4byte	.LVL15
 1837 00b9 0600     		.2byte	0x6
 1838 00bb 7C       		.byte	0x7c
 1839 00bc 00       		.sleb128 0
 1840 00bd 77       		.byte	0x77
 1841 00be 00       		.sleb128 0
 1842 00bf 1C       		.byte	0x1c
 1843 00c0 9F       		.byte	0x9f
 1844 00c1 00000000 		.4byte	0
 1845 00c5 00000000 		.4byte	0
 1846              	.LLST5:
 1847 00c9 06000000 		.4byte	.LVL1
 1848 00cd 0C000000 		.4byte	.LVL2
 1849 00d1 0100     		.2byte	0x1
 1850 00d3 5C       		.byte	0x5c
 1851 00d4 28000000 		.4byte	.LVL8
 1852 00d8 2E000000 		.4byte	.LVL10
 1853 00dc 0100     		.2byte	0x1
 1854 00de 55       		.byte	0x55
 1855 00df 2E000000 		.4byte	.LVL10
 1856 00e3 3C000000 		.4byte	.LVL15
 1857 00e7 0100     		.2byte	0x1
 1858 00e9 57       		.byte	0x57
 1859 00ea 00000000 		.4byte	0
 1860 00ee 00000000 		.4byte	0
 1861              	.LLST6:
 1862 00f2 00000000 		.4byte	.LVL0
 1863 00f6 14000000 		.4byte	.LVL3
 1864 00fa 0100     		.2byte	0x1
 1865 00fc 51       		.byte	0x51
 1866 00fd 2E000000 		.4byte	.LVL10
 1867 0101 36000000 		.4byte	.LVL12
 1868 0105 0100     		.2byte	0x1
 1869 0107 51       		.byte	0x51
 1870 0108 36000000 		.4byte	.LVL12
 1871 010c 4C000000 		.4byte	.LFE10
 1872 0110 0100     		.2byte	0x1
 1873 0112 56       		.byte	0x56
 1874 0113 00000000 		.4byte	0
 1875 0117 00000000 		.4byte	0
 1876              	.LLST7:
 1877 011b 00000000 		.4byte	.LVL0
 1878 011f 0C000000 		.4byte	.LVL2
 1879 0123 0100     		.2byte	0x1
ARM GAS  C:\Users\GRACEK~1\AppData\Local\Temp\ccDboMqG.s 			page 34


 1880 0125 51       		.byte	0x51
 1881 0126 0C000000 		.4byte	.LVL2
 1882 012a 26000000 		.4byte	.LVL7
 1883 012e 0100     		.2byte	0x1
 1884 0130 54       		.byte	0x54
 1885 0131 2E000000 		.4byte	.LVL10
 1886 0135 4C000000 		.4byte	.LFE10
 1887 0139 0100     		.2byte	0x1
 1888 013b 54       		.byte	0x54
 1889 013c 00000000 		.4byte	0
 1890 0140 00000000 		.4byte	0
 1891              	.LLST8:
 1892 0144 00000000 		.4byte	.LFB9
 1893 0148 02000000 		.4byte	.LCFI1
 1894 014c 0200     		.2byte	0x2
 1895 014e 7D       		.byte	0x7d
 1896 014f 00       		.sleb128 0
 1897 0150 02000000 		.4byte	.LCFI1
 1898 0154 06000000 		.4byte	.LCFI2
 1899 0158 0200     		.2byte	0x2
 1900 015a 7D       		.byte	0x7d
 1901 015b 0C       		.sleb128 12
 1902 015c 06000000 		.4byte	.LCFI2
 1903 0160 08000000 		.4byte	.LCFI3
 1904 0164 0200     		.2byte	0x2
 1905 0166 7D       		.byte	0x7d
 1906 0167 30       		.sleb128 48
 1907 0168 08000000 		.4byte	.LCFI3
 1908 016c C8020000 		.4byte	.LFE9
 1909 0170 0300     		.2byte	0x3
 1910 0172 7D       		.byte	0x7d
 1911 0173 C800     		.sleb128 72
 1912 0175 00000000 		.4byte	0
 1913 0179 00000000 		.4byte	0
 1914              	.LLST9:
 1915 017d 00000000 		.4byte	.LVL17
 1916 0181 24000000 		.4byte	.LVL18
 1917 0185 0100     		.2byte	0x1
 1918 0187 50       		.byte	0x50
 1919 0188 24000000 		.4byte	.LVL18
 1920 018c C8020000 		.4byte	.LFE9
 1921 0190 0100     		.2byte	0x1
 1922 0192 56       		.byte	0x56
 1923 0193 00000000 		.4byte	0
 1924 0197 00000000 		.4byte	0
 1925              	.LLST10:
 1926 019b 00000000 		.4byte	.LVL17
 1927 019f 24000000 		.4byte	.LVL18
 1928 01a3 0200     		.2byte	0x2
 1929 01a5 91       		.byte	0x91
 1930 01a6 74       		.sleb128 -12
 1931 01a7 24000000 		.4byte	.LVL18
 1932 01ab 2A000000 		.4byte	.LVL19
 1933 01af 0100     		.2byte	0x1
 1934 01b1 54       		.byte	0x54
 1935 01b2 2A000000 		.4byte	.LVL19
 1936 01b6 3A000000 		.4byte	.LVL21
ARM GAS  C:\Users\GRACEK~1\AppData\Local\Temp\ccDboMqG.s 			page 35


 1937 01ba 0100     		.2byte	0x1
 1938 01bc 55       		.byte	0x55
 1939 01bd 3A000000 		.4byte	.LVL21
 1940 01c1 40000000 		.4byte	.LVL23
 1941 01c5 0100     		.2byte	0x1
 1942 01c7 54       		.byte	0x54
 1943 01c8 40000000 		.4byte	.LVL23
 1944 01cc 66000000 		.4byte	.LVL27
 1945 01d0 0100     		.2byte	0x1
 1946 01d2 55       		.byte	0x55
 1947 01d3 66000000 		.4byte	.LVL27
 1948 01d7 6C000000 		.4byte	.LVL28
 1949 01db 0300     		.2byte	0x3
 1950 01dd 75       		.byte	0x75
 1951 01de 01       		.sleb128 1
 1952 01df 9F       		.byte	0x9f
 1953 01e0 6C000000 		.4byte	.LVL28
 1954 01e4 72000000 		.4byte	.LVL29
 1955 01e8 0100     		.2byte	0x1
 1956 01ea 55       		.byte	0x55
 1957 01eb 72000000 		.4byte	.LVL29
 1958 01ef 2E010000 		.4byte	.LVL45
 1959 01f3 0100     		.2byte	0x1
 1960 01f5 54       		.byte	0x54
 1961 01f6 32010000 		.4byte	.LVL46
 1962 01fa 80020000 		.4byte	.LVL102
 1963 01fe 0100     		.2byte	0x1
 1964 0200 54       		.byte	0x54
 1965 0201 80020000 		.4byte	.LVL102
 1966 0205 8A020000 		.4byte	.LVL104
 1967 0209 0100     		.2byte	0x1
 1968 020b 55       		.byte	0x55
 1969 020c 8A020000 		.4byte	.LVL104
 1970 0210 C8020000 		.4byte	.LFE9
 1971 0214 0100     		.2byte	0x1
 1972 0216 54       		.byte	0x54
 1973 0217 00000000 		.4byte	0
 1974 021b 00000000 		.4byte	0
 1975              	.LLST11:
 1976 021f 4E000000 		.4byte	.LVL25
 1977 0223 84010000 		.4byte	.LVL54
 1978 0227 0100     		.2byte	0x1
 1979 0229 58       		.byte	0x58
 1980 022a 84010000 		.4byte	.LVL54
 1981 022e 90010000 		.4byte	.LVL57
 1982 0232 0100     		.2byte	0x1
 1983 0234 5A       		.byte	0x5a
 1984 0235 90010000 		.4byte	.LVL57
 1985 0239 96010000 		.4byte	.LVL58
 1986 023d 0100     		.2byte	0x1
 1987 023f 52       		.byte	0x52
 1988 0240 96010000 		.4byte	.LVL58
 1989 0244 9A010000 		.4byte	.LVL59
 1990 0248 0100     		.2byte	0x1
 1991 024a 53       		.byte	0x53
 1992 024b 9A010000 		.4byte	.LVL59
 1993 024f AA010000 		.4byte	.LVL61
ARM GAS  C:\Users\GRACEK~1\AppData\Local\Temp\ccDboMqG.s 			page 36


 1994 0253 0100     		.2byte	0x1
 1995 0255 52       		.byte	0x52
 1996 0256 E6010000 		.4byte	.LVL71
 1997 025a F6010000 		.4byte	.LVL74
 1998 025e 0100     		.2byte	0x1
 1999 0260 58       		.byte	0x58
 2000 0261 F6010000 		.4byte	.LVL74
 2001 0265 FA010000 		.4byte	.LVL75
 2002 0269 0200     		.2byte	0x2
 2003 026b 7D       		.byte	0x7d
 2004 026c 00       		.sleb128 0
 2005 026d 26020000 		.4byte	.LVL83
 2006 0271 38020000 		.4byte	.LVL87
 2007 0275 0100     		.2byte	0x1
 2008 0277 58       		.byte	0x58
 2009 0278 40020000 		.4byte	.LVL88
 2010 027c 62020000 		.4byte	.LVL97
 2011 0280 0100     		.2byte	0x1
 2012 0282 58       		.byte	0x58
 2013 0283 62020000 		.4byte	.LVL97
 2014 0287 67020000 		.4byte	.LVL98-1
 2015 028b 0100     		.2byte	0x1
 2016 028d 50       		.byte	0x50
 2017 028e 70020000 		.4byte	.LVL99
 2018 0292 74020000 		.4byte	.LVL100
 2019 0296 0100     		.2byte	0x1
 2020 0298 58       		.byte	0x58
 2021 0299 74020000 		.4byte	.LVL100
 2022 029d 7C020000 		.4byte	.LVL101
 2023 02a1 0200     		.2byte	0x2
 2024 02a3 7D       		.byte	0x7d
 2025 02a4 00       		.sleb128 0
 2026 02a5 7C020000 		.4byte	.LVL101
 2027 02a9 9C020000 		.4byte	.LVL107
 2028 02ad 0100     		.2byte	0x1
 2029 02af 58       		.byte	0x58
 2030 02b0 9C020000 		.4byte	.LVL107
 2031 02b4 A4020000 		.4byte	.LVL109
 2032 02b8 0200     		.2byte	0x2
 2033 02ba 7D       		.byte	0x7d
 2034 02bb 00       		.sleb128 0
 2035 02bc BA020000 		.4byte	.LVL113
 2036 02c0 C2020000 		.4byte	.LVL114
 2037 02c4 0100     		.2byte	0x1
 2038 02c6 52       		.byte	0x52
 2039 02c7 C2020000 		.4byte	.LVL114
 2040 02cb C8020000 		.4byte	.LFE9
 2041 02cf 0100     		.2byte	0x1
 2042 02d1 5A       		.byte	0x5a
 2043 02d2 00000000 		.4byte	0
 2044 02d6 00000000 		.4byte	0
 2045              	.LLST12:
 2046 02da 4E000000 		.4byte	.LVL25
 2047 02de 66010000 		.4byte	.LVL52
 2048 02e2 0100     		.2byte	0x1
 2049 02e4 58       		.byte	0x58
 2050 02e5 66010000 		.4byte	.LVL52
ARM GAS  C:\Users\GRACEK~1\AppData\Local\Temp\ccDboMqG.s 			page 37


 2051 02e9 C6010000 		.4byte	.LVL66
 2052 02ed 0100     		.2byte	0x1
 2053 02ef 5A       		.byte	0x5a
 2054 02f0 C6010000 		.4byte	.LVL66
 2055 02f4 CC010000 		.4byte	.LVL67
 2056 02f8 0300     		.2byte	0x3
 2057 02fa 7A       		.byte	0x7a
 2058 02fb 7F       		.sleb128 -1
 2059 02fc 9F       		.byte	0x9f
 2060 02fd CC010000 		.4byte	.LVL67
 2061 0301 E6010000 		.4byte	.LVL71
 2062 0305 0100     		.2byte	0x1
 2063 0307 5A       		.byte	0x5a
 2064 0308 E6010000 		.4byte	.LVL71
 2065 030c FA010000 		.4byte	.LVL75
 2066 0310 0100     		.2byte	0x1
 2067 0312 58       		.byte	0x58
 2068 0313 FA010000 		.4byte	.LVL75
 2069 0317 16020000 		.4byte	.LVL80
 2070 031b 0100     		.2byte	0x1
 2071 031d 5A       		.byte	0x5a
 2072 031e 26020000 		.4byte	.LVL83
 2073 0322 A4020000 		.4byte	.LVL109
 2074 0326 0100     		.2byte	0x1
 2075 0328 58       		.byte	0x58
 2076 0329 A4020000 		.4byte	.LVL109
 2077 032d C8020000 		.4byte	.LFE9
 2078 0331 0100     		.2byte	0x1
 2079 0333 5A       		.byte	0x5a
 2080 0334 00000000 		.4byte	0
 2081 0338 00000000 		.4byte	0
 2082              	.LLST13:
 2083 033c 2A000000 		.4byte	.LVL19
 2084 0340 2C000000 		.4byte	.LVL20
 2085 0344 0200     		.2byte	0x2
 2086 0346 74       		.byte	0x74
 2087 0347 00       		.sleb128 0
 2088 0348 40000000 		.4byte	.LVL23
 2089 034c 44000000 		.4byte	.LVL24
 2090 0350 0200     		.2byte	0x2
 2091 0352 74       		.byte	0x74
 2092 0353 00       		.sleb128 0
 2093 0354 74000000 		.4byte	.LVL30
 2094 0358 76000000 		.4byte	.LVL31
 2095 035c 0100     		.2byte	0x1
 2096 035e 53       		.byte	0x53
 2097 035f 76000000 		.4byte	.LVL31
 2098 0363 78000000 		.4byte	.LVL32
 2099 0367 0200     		.2byte	0x2
 2100 0369 71       		.byte	0x71
 2101 036a 00       		.sleb128 0
 2102 036b 78000000 		.4byte	.LVL32
 2103 036f 82000000 		.4byte	.LVL34
 2104 0373 0100     		.2byte	0x1
 2105 0375 52       		.byte	0x52
 2106 0376 82000000 		.4byte	.LVL34
 2107 037a A2000000 		.4byte	.LVL38
ARM GAS  C:\Users\GRACEK~1\AppData\Local\Temp\ccDboMqG.s 			page 38


 2108 037e 0100     		.2byte	0x1
 2109 0380 53       		.byte	0x53
 2110 0381 A8000000 		.4byte	.LVL39
 2111 0385 AA000000 		.4byte	.LVL40
 2112 0389 0200     		.2byte	0x2
 2113 038b 74       		.byte	0x74
 2114 038c 00       		.sleb128 0
 2115 038d AA000000 		.4byte	.LVL40
 2116 0391 AE000000 		.4byte	.LVL41
 2117 0395 0200     		.2byte	0x2
 2118 0397 74       		.byte	0x74
 2119 0398 7F       		.sleb128 -1
 2120 0399 AE000000 		.4byte	.LVL41
 2121 039d 26010000 		.4byte	.LVL42
 2122 03a1 0100     		.2byte	0x1
 2123 03a3 53       		.byte	0x53
 2124 03a4 26010000 		.4byte	.LVL42
 2125 03a8 28010000 		.4byte	.LVL43
 2126 03ac 0200     		.2byte	0x2
 2127 03ae 74       		.byte	0x74
 2128 03af 7F       		.sleb128 -1
 2129 03b0 28010000 		.4byte	.LVL43
 2130 03b4 2A010000 		.4byte	.LVL44
 2131 03b8 0200     		.2byte	0x2
 2132 03ba 71       		.byte	0x71
 2133 03bb 00       		.sleb128 0
 2134 03bc 2A010000 		.4byte	.LVL44
 2135 03c0 2E010000 		.4byte	.LVL45
 2136 03c4 0100     		.2byte	0x1
 2137 03c6 52       		.byte	0x52
 2138 03c7 32010000 		.4byte	.LVL46
 2139 03cb 4E010000 		.4byte	.LVL47
 2140 03cf 0200     		.2byte	0x2
 2141 03d1 74       		.byte	0x74
 2142 03d2 7F       		.sleb128 -1
 2143 03d3 5C010000 		.4byte	.LVL49
 2144 03d7 5E010000 		.4byte	.LVL50
 2145 03db 0100     		.2byte	0x1
 2146 03dd 53       		.byte	0x53
 2147 03de 5E010000 		.4byte	.LVL50
 2148 03e2 62010000 		.4byte	.LVL51
 2149 03e6 0400     		.2byte	0x4
 2150 03e8 72       		.byte	0x72
 2151 03e9 C400     		.sleb128 68
 2152 03eb 9F       		.byte	0x9f
 2153 03ec E6010000 		.4byte	.LVL71
 2154 03f0 E8010000 		.4byte	.LVL72
 2155 03f4 0100     		.2byte	0x1
 2156 03f6 53       		.byte	0x53
 2157 03f7 E8010000 		.4byte	.LVL72
 2158 03fb EE010000 		.4byte	.LVL73
 2159 03ff 0400     		.2byte	0x4
 2160 0401 72       		.byte	0x72
 2161 0402 C400     		.sleb128 68
 2162 0404 9F       		.byte	0x9f
 2163 0405 26020000 		.4byte	.LVL83
 2164 0409 28020000 		.4byte	.LVL84
ARM GAS  C:\Users\GRACEK~1\AppData\Local\Temp\ccDboMqG.s 			page 39


 2165 040d 0100     		.2byte	0x1
 2166 040f 53       		.byte	0x53
 2167 0410 40020000 		.4byte	.LVL88
 2168 0414 42020000 		.4byte	.LVL89
 2169 0418 0100     		.2byte	0x1
 2170 041a 53       		.byte	0x53
 2171 041b 50020000 		.4byte	.LVL92
 2172 041f 52020000 		.4byte	.LVL93
 2173 0423 0100     		.2byte	0x1
 2174 0425 53       		.byte	0x53
 2175 0426 52020000 		.4byte	.LVL93
 2176 042a 54020000 		.4byte	.LVL94
 2177 042e 0400     		.2byte	0x4
 2178 0430 72       		.byte	0x72
 2179 0431 C400     		.sleb128 68
 2180 0433 9F       		.byte	0x9f
 2181 0434 70020000 		.4byte	.LVL99
 2182 0438 7C020000 		.4byte	.LVL101
 2183 043c 0100     		.2byte	0x1
 2184 043e 53       		.byte	0x53
 2185 043f 7C020000 		.4byte	.LVL101
 2186 0443 80020000 		.4byte	.LVL102
 2187 0447 0200     		.2byte	0x2
 2188 0449 38       		.byte	0x38
 2189 044a 9F       		.byte	0x9f
 2190 044b 00000000 		.4byte	0
 2191 044f 00000000 		.4byte	0
 2192              	.LLST14:
 2193 0453 5C000000 		.4byte	.LVL26
 2194 0457 66000000 		.4byte	.LVL27
 2195 045b 0300     		.2byte	0x3
 2196 045d 08       		.byte	0x8
 2197 045e 20       		.byte	0x20
 2198 045f 9F       		.byte	0x9f
 2199 0460 66000000 		.4byte	.LVL27
 2200 0464 6C000000 		.4byte	.LVL28
 2201 0468 0300     		.2byte	0x3
 2202 046a 08       		.byte	0x8
 2203 046b 30       		.byte	0x30
 2204 046c 9F       		.byte	0x9f
 2205 046d 6C000000 		.4byte	.LVL28
 2206 0471 5C010000 		.4byte	.LVL49
 2207 0475 0100     		.2byte	0x1
 2208 0477 57       		.byte	0x57
 2209 0478 5C010000 		.4byte	.LVL49
 2210 047c AA010000 		.4byte	.LVL61
 2211 0480 0300     		.2byte	0x3
 2212 0482 08       		.byte	0x8
 2213 0483 20       		.byte	0x20
 2214 0484 9F       		.byte	0x9f
 2215 0485 AA010000 		.4byte	.LVL61
 2216 0489 B4010000 		.4byte	.LVL63
 2217 048d 0100     		.2byte	0x1
 2218 048f 57       		.byte	0x57
 2219 0490 E6010000 		.4byte	.LVL71
 2220 0494 FA010000 		.4byte	.LVL75
 2221 0498 0300     		.2byte	0x3
ARM GAS  C:\Users\GRACEK~1\AppData\Local\Temp\ccDboMqG.s 			page 40


 2222 049a 08       		.byte	0x8
 2223 049b 20       		.byte	0x20
 2224 049c 9F       		.byte	0x9f
 2225 049d FA010000 		.4byte	.LVL75
 2226 04a1 08020000 		.4byte	.LVL78
 2227 04a5 0100     		.2byte	0x1
 2228 04a7 57       		.byte	0x57
 2229 04a8 26020000 		.4byte	.LVL83
 2230 04ac 80020000 		.4byte	.LVL102
 2231 04b0 0100     		.2byte	0x1
 2232 04b2 57       		.byte	0x57
 2233 04b3 8A020000 		.4byte	.LVL104
 2234 04b7 A4020000 		.4byte	.LVL109
 2235 04bb 0100     		.2byte	0x1
 2236 04bd 57       		.byte	0x57
 2237 04be BA020000 		.4byte	.LVL113
 2238 04c2 C8020000 		.4byte	.LFE9
 2239 04c6 0300     		.2byte	0x3
 2240 04c8 08       		.byte	0x8
 2241 04c9 20       		.byte	0x20
 2242 04ca 9F       		.byte	0x9f
 2243 04cb 00000000 		.4byte	0
 2244 04cf 00000000 		.4byte	0
 2245              	.LLST15:
 2246 04d3 AA010000 		.4byte	.LVL61
 2247 04d7 B4010000 		.4byte	.LVL63
 2248 04db 0100     		.2byte	0x1
 2249 04dd 5B       		.byte	0x5b
 2250 04de B4010000 		.4byte	.LVL63
 2251 04e2 C0010000 		.4byte	.LVL65
 2252 04e6 0300     		.2byte	0x3
 2253 04e8 7B       		.byte	0x7b
 2254 04e9 7F       		.sleb128 -1
 2255 04ea 9F       		.byte	0x9f
 2256 04eb FA010000 		.4byte	.LVL75
 2257 04ef 16020000 		.4byte	.LVL80
 2258 04f3 0100     		.2byte	0x1
 2259 04f5 5B       		.byte	0x5b
 2260 04f6 A4020000 		.4byte	.LVL109
 2261 04fa BA020000 		.4byte	.LVL113
 2262 04fe 0100     		.2byte	0x1
 2263 0500 5B       		.byte	0x5b
 2264 0501 00000000 		.4byte	0
 2265 0505 00000000 		.4byte	0
 2266              	.LLST16:
 2267 0509 98000000 		.4byte	.LVL36
 2268 050d 9A000000 		.4byte	.LVL37
 2269 0511 0200     		.2byte	0x2
 2270 0513 30       		.byte	0x30
 2271 0514 9F       		.byte	0x9f
 2272 0515 9A000000 		.4byte	.LVL37
 2273 0519 2A010000 		.4byte	.LVL44
 2274 051d 0100     		.2byte	0x1
 2275 051f 50       		.byte	0x50
 2276 0520 2A010000 		.4byte	.LVL44
 2277 0524 2E010000 		.4byte	.LVL45
 2278 0528 0500     		.2byte	0x5
ARM GAS  C:\Users\GRACEK~1\AppData\Local\Temp\ccDboMqG.s 			page 41


 2279 052a 7C       		.byte	0x7c
 2280 052b 00       		.sleb128 0
 2281 052c 31       		.byte	0x31
 2282 052d 24       		.byte	0x24
 2283 052e 9F       		.byte	0x9f
 2284 052f 2E010000 		.4byte	.LVL45
 2285 0533 8A010000 		.4byte	.LVL55
 2286 0537 0100     		.2byte	0x1
 2287 0539 50       		.byte	0x50
 2288 053a 8A010000 		.4byte	.LVL55
 2289 053e 8E010000 		.4byte	.LVL56
 2290 0542 0300     		.2byte	0x3
 2291 0544 70       		.byte	0x70
 2292 0545 7F       		.sleb128 -1
 2293 0546 9F       		.byte	0x9f
 2294 0547 E6010000 		.4byte	.LVL71
 2295 054b FA010000 		.4byte	.LVL75
 2296 054f 0100     		.2byte	0x1
 2297 0551 50       		.byte	0x50
 2298 0552 26020000 		.4byte	.LVL83
 2299 0556 32020000 		.4byte	.LVL86
 2300 055a 0100     		.2byte	0x1
 2301 055c 50       		.byte	0x50
 2302 055d 40020000 		.4byte	.LVL88
 2303 0561 4A020000 		.4byte	.LVL90
 2304 0565 0100     		.2byte	0x1
 2305 0567 50       		.byte	0x50
 2306 0568 50020000 		.4byte	.LVL92
 2307 056c 60020000 		.4byte	.LVL96
 2308 0570 0100     		.2byte	0x1
 2309 0572 50       		.byte	0x50
 2310 0573 70020000 		.4byte	.LVL99
 2311 0577 80020000 		.4byte	.LVL102
 2312 057b 0100     		.2byte	0x1
 2313 057d 50       		.byte	0x50
 2314 057e 8A020000 		.4byte	.LVL104
 2315 0582 94020000 		.4byte	.LVL106
 2316 0586 0100     		.2byte	0x1
 2317 0588 50       		.byte	0x50
 2318 0589 C2020000 		.4byte	.LVL114
 2319 058d C8020000 		.4byte	.LFE9
 2320 0591 0100     		.2byte	0x1
 2321 0593 50       		.byte	0x50
 2322 0594 00000000 		.4byte	0
 2323 0598 00000000 		.4byte	0
 2324              	.LLST17:
 2325 059c 6C000000 		.4byte	.LVL28
 2326 05a0 74000000 		.4byte	.LVL30
 2327 05a4 0200     		.2byte	0x2
 2328 05a6 30       		.byte	0x30
 2329 05a7 9F       		.byte	0x9f
 2330 05a8 74000000 		.4byte	.LVL30
 2331 05ac 7C000000 		.4byte	.LVL33
 2332 05b0 0100     		.2byte	0x1
 2333 05b2 55       		.byte	0x55
 2334 05b3 82000000 		.4byte	.LVL34
 2335 05b7 A8010000 		.4byte	.LVL60
ARM GAS  C:\Users\GRACEK~1\AppData\Local\Temp\ccDboMqG.s 			page 42


 2336 05bb 0100     		.2byte	0x1
 2337 05bd 55       		.byte	0x55
 2338 05be AA010000 		.4byte	.LVL61
 2339 05c2 C0010000 		.4byte	.LVL65
 2340 05c6 0100     		.2byte	0x1
 2341 05c8 55       		.byte	0x55
 2342 05c9 D0010000 		.4byte	.LVL68
 2343 05cd E0010000 		.4byte	.LVL69
 2344 05d1 0100     		.2byte	0x1
 2345 05d3 55       		.byte	0x55
 2346 05d4 E0010000 		.4byte	.LVL69
 2347 05d8 E2010000 		.4byte	.LVL70
 2348 05dc 0300     		.2byte	0x3
 2349 05de 75       		.byte	0x75
 2350 05df 7F       		.sleb128 -1
 2351 05e0 9F       		.byte	0x9f
 2352 05e1 E2010000 		.4byte	.LVL70
 2353 05e5 20020000 		.4byte	.LVL81
 2354 05e9 0100     		.2byte	0x1
 2355 05eb 55       		.byte	0x55
 2356 05ec 20020000 		.4byte	.LVL81
 2357 05f0 22020000 		.4byte	.LVL82
 2358 05f4 0300     		.2byte	0x3
 2359 05f6 75       		.byte	0x75
 2360 05f7 01       		.sleb128 1
 2361 05f8 9F       		.byte	0x9f
 2362 05f9 22020000 		.4byte	.LVL82
 2363 05fd 80020000 		.4byte	.LVL102
 2364 0601 0100     		.2byte	0x1
 2365 0603 55       		.byte	0x55
 2366 0604 8A020000 		.4byte	.LVL104
 2367 0608 C8020000 		.4byte	.LFE9
 2368 060c 0100     		.2byte	0x1
 2369 060e 55       		.byte	0x55
 2370 060f 00000000 		.4byte	0
 2371 0613 00000000 		.4byte	0
 2372              	.LLST18:
 2373 0617 A2000000 		.4byte	.LVL38
 2374 061b AE000000 		.4byte	.LVL41
 2375 061f 0200     		.2byte	0x2
 2376 0621 31       		.byte	0x31
 2377 0622 9F       		.byte	0x9f
 2378 0623 AE000000 		.4byte	.LVL41
 2379 0627 26010000 		.4byte	.LVL42
 2380 062b 0100     		.2byte	0x1
 2381 062d 51       		.byte	0x51
 2382 062e 5A010000 		.4byte	.LVL48
 2383 0632 5C010000 		.4byte	.LVL49
 2384 0636 0E00     		.2byte	0xe
 2385 0638 73       		.byte	0x73
 2386 0639 BF7F     		.sleb128 -65
 2387 063b 40       		.byte	0x40
 2388 063c 4B       		.byte	0x4b
 2389 063d 24       		.byte	0x24
 2390 063e 22       		.byte	0x22
 2391 063f 0C       		.byte	0xc
 2392 0640 19000080 		.4byte	0x80000019
ARM GAS  C:\Users\GRACEK~1\AppData\Local\Temp\ccDboMqG.s 			page 43


 2393 0644 2C       		.byte	0x2c
 2394 0645 9F       		.byte	0x9f
 2395 0646 5C010000 		.4byte	.LVL49
 2396 064a 90010000 		.4byte	.LVL57
 2397 064e 0100     		.2byte	0x1
 2398 0650 51       		.byte	0x51
 2399 0651 E6010000 		.4byte	.LVL71
 2400 0655 FA010000 		.4byte	.LVL75
 2401 0659 0100     		.2byte	0x1
 2402 065b 51       		.byte	0x51
 2403 065c 26020000 		.4byte	.LVL83
 2404 0660 2E020000 		.4byte	.LVL85
 2405 0664 0100     		.2byte	0x1
 2406 0666 51       		.byte	0x51
 2407 0667 40020000 		.4byte	.LVL88
 2408 066b 4C020000 		.4byte	.LVL91
 2409 066f 0100     		.2byte	0x1
 2410 0671 51       		.byte	0x51
 2411 0672 50020000 		.4byte	.LVL92
 2412 0676 58020000 		.4byte	.LVL95
 2413 067a 0100     		.2byte	0x1
 2414 067c 51       		.byte	0x51
 2415 067d 70020000 		.4byte	.LVL99
 2416 0681 80020000 		.4byte	.LVL102
 2417 0685 0100     		.2byte	0x1
 2418 0687 51       		.byte	0x51
 2419 0688 8A020000 		.4byte	.LVL104
 2420 068c 8C020000 		.4byte	.LVL105
 2421 0690 0100     		.2byte	0x1
 2422 0692 51       		.byte	0x51
 2423 0693 C2020000 		.4byte	.LVL114
 2424 0697 C8020000 		.4byte	.LFE9
 2425 069b 0100     		.2byte	0x1
 2426 069d 51       		.byte	0x51
 2427 069e 00000000 		.4byte	0
 2428 06a2 00000000 		.4byte	0
 2429              	.LLST19:
 2430 06a6 4E000000 		.4byte	.LVL25
 2431 06aa 5C000000 		.4byte	.LVL26
 2432 06ae 0200     		.2byte	0x2
 2433 06b0 30       		.byte	0x30
 2434 06b1 9F       		.byte	0x9f
 2435 06b2 5C000000 		.4byte	.LVL26
 2436 06b6 BE010000 		.4byte	.LVL64
 2437 06ba 0100     		.2byte	0x1
 2438 06bc 59       		.byte	0x59
 2439 06bd E6010000 		.4byte	.LVL71
 2440 06c1 80020000 		.4byte	.LVL102
 2441 06c5 0100     		.2byte	0x1
 2442 06c7 59       		.byte	0x59
 2443 06c8 80020000 		.4byte	.LVL102
 2444 06cc 82020000 		.4byte	.LVL103
 2445 06d0 0200     		.2byte	0x2
 2446 06d2 30       		.byte	0x30
 2447 06d3 9F       		.byte	0x9f
 2448 06d4 82020000 		.4byte	.LVL103
 2449 06d8 8A020000 		.4byte	.LVL104
ARM GAS  C:\Users\GRACEK~1\AppData\Local\Temp\ccDboMqG.s 			page 44


 2450 06dc 0200     		.2byte	0x2
 2451 06de 31       		.byte	0x31
 2452 06df 9F       		.byte	0x9f
 2453 06e0 8A020000 		.4byte	.LVL104
 2454 06e4 C8020000 		.4byte	.LFE9
 2455 06e8 0100     		.2byte	0x1
 2456 06ea 59       		.byte	0x59
 2457 06eb 00000000 		.4byte	0
 2458 06ef 00000000 		.4byte	0
 2459              	.LLST20:
 2460 06f3 32020000 		.4byte	.LVL86
 2461 06f7 37020000 		.4byte	.LVL87-1
 2462 06fb 0100     		.2byte	0x1
 2463 06fd 51       		.byte	0x51
 2464 06fe 4C020000 		.4byte	.LVL91
 2465 0702 50020000 		.4byte	.LVL92
 2466 0706 0100     		.2byte	0x1
 2467 0708 51       		.byte	0x51
 2468 0709 58020000 		.4byte	.LVL95
 2469 070d 67020000 		.4byte	.LVL98-1
 2470 0711 0100     		.2byte	0x1
 2471 0713 51       		.byte	0x51
 2472 0714 8C020000 		.4byte	.LVL105
 2473 0718 A4020000 		.4byte	.LVL109
 2474 071c 0100     		.2byte	0x1
 2475 071e 51       		.byte	0x51
 2476 071f 00000000 		.4byte	0
 2477 0723 00000000 		.4byte	0
 2478              	.LLST21:
 2479 0727 32020000 		.4byte	.LVL86
 2480 072b 37020000 		.4byte	.LVL87-1
 2481 072f 0100     		.2byte	0x1
 2482 0731 52       		.byte	0x52
 2483 0732 00000000 		.4byte	0
 2484 0736 00000000 		.4byte	0
 2485              	.LLST22:
 2486 073a 32020000 		.4byte	.LVL86
 2487 073e 37020000 		.4byte	.LVL87-1
 2488 0742 0100     		.2byte	0x1
 2489 0744 51       		.byte	0x51
 2490 0745 00000000 		.4byte	0
 2491 0749 00000000 		.4byte	0
 2492              	.LLST23:
 2493 074d 32020000 		.4byte	.LVL86
 2494 0751 40020000 		.4byte	.LVL88
 2495 0755 0100     		.2byte	0x1
 2496 0757 58       		.byte	0x58
 2497 0758 00000000 		.4byte	0
 2498 075c 00000000 		.4byte	0
 2499              	.LLST24:
 2500 0760 62020000 		.4byte	.LVL97
 2501 0764 70020000 		.4byte	.LVL99
 2502 0768 0200     		.2byte	0x2
 2503 076a 3A       		.byte	0x3a
 2504 076b 9F       		.byte	0x9f
 2505 076c 00000000 		.4byte	0
 2506 0770 00000000 		.4byte	0
ARM GAS  C:\Users\GRACEK~1\AppData\Local\Temp\ccDboMqG.s 			page 45


 2507              	.LLST25:
 2508 0774 62020000 		.4byte	.LVL97
 2509 0778 67020000 		.4byte	.LVL98-1
 2510 077c 0100     		.2byte	0x1
 2511 077e 51       		.byte	0x51
 2512 077f 00000000 		.4byte	0
 2513 0783 00000000 		.4byte	0
 2514              	.LLST26:
 2515 0787 62020000 		.4byte	.LVL97
 2516 078b 67020000 		.4byte	.LVL98-1
 2517 078f 0100     		.2byte	0x1
 2518 0791 50       		.byte	0x50
 2519 0792 00000000 		.4byte	0
 2520 0796 00000000 		.4byte	0
 2521              		.section	.debug_aranges,"",%progbits
 2522 0000 24000000 		.4byte	0x24
 2523 0004 0200     		.2byte	0x2
 2524 0006 00000000 		.4byte	.Ldebug_info0
 2525 000a 04       		.byte	0x4
 2526 000b 00       		.byte	0
 2527 000c 0000     		.2byte	0
 2528 000e 0000     		.2byte	0
 2529 0010 00000000 		.4byte	.LFB10
 2530 0014 4C000000 		.4byte	.LFE10-.LFB10
 2531 0018 00000000 		.4byte	.LFB9
 2532 001c C8020000 		.4byte	.LFE9-.LFB9
 2533 0020 00000000 		.4byte	0
 2534 0024 00000000 		.4byte	0
 2535              		.section	.debug_ranges,"",%progbits
 2536              	.Ldebug_ranges0:
 2537 0000 00000000 		.4byte	.LFB10
 2538 0004 4C000000 		.4byte	.LFE10
 2539 0008 00000000 		.4byte	.LFB9
 2540 000c C8020000 		.4byte	.LFE9
 2541 0010 00000000 		.4byte	0
 2542 0014 00000000 		.4byte	0
 2543              		.section	.debug_line,"",%progbits
 2544              	.Ldebug_line0:
 2545 0000 CB020000 		.section	.debug_str,"MS",%progbits,1
 2545      02006201 
 2545      00000201 
 2545      FB0E0D00 
 2545      01010101 
 2546              	.LASF29:
 2547 0000 70726563 		.ascii	"precision\000"
 2547      6973696F 
 2547      6E00
 2548              	.LASF2:
 2549 000a 73697A65 		.ascii	"size_t\000"
 2549      5F7400
 2550              	.LASF35:
 2551 0011 2E2E2F43 		.ascii	"../ChibiOS_2.6.0/os/various/chprintf.c\000"
 2551      68696269 
 2551      4F535F32 
 2551      2E362E30 
 2551      2F6F732F 
 2552              	.LASF31:
ARM GAS  C:\Users\GRACEK~1\AppData\Local\Temp\ccDboMqG.s 			page 46


 2553 0038 69735F6C 		.ascii	"is_long\000"
 2553      6F6E6700 
 2554              	.LASF24:
 2555 0040 72616469 		.ascii	"radix\000"
 2555      7800
 2556              	.LASF14:
 2557 0046 626F6F6C 		.ascii	"bool_t\000"
 2557      5F7400
 2558              	.LASF26:
 2559 004d 6C6F6E67 		.ascii	"long_to_string_with_divisor\000"
 2559      5F746F5F 
 2559      73747269 
 2559      6E675F77 
 2559      6974685F 
 2560              	.LASF5:
 2561 0069 75696E74 		.ascii	"uint8_t\000"
 2561      385F7400 
 2562              	.LASF1:
 2563 0071 76615F6C 		.ascii	"va_list\000"
 2563      69737400 
 2564              	.LASF23:
 2565 0079 42617365 		.ascii	"BaseSequentialStream\000"
 2565      53657175 
 2565      656E7469 
 2565      616C5374 
 2565      7265616D 
 2566              	.LASF6:
 2567 008e 756E7369 		.ascii	"unsigned char\000"
 2567      676E6564 
 2567      20636861 
 2567      7200
 2568              	.LASF11:
 2569 009c 6C6F6E67 		.ascii	"long unsigned int\000"
 2569      20756E73 
 2569      69676E65 
 2569      6420696E 
 2569      7400
 2570              	.LASF8:
 2571 00ae 73686F72 		.ascii	"short unsigned int\000"
 2571      7420756E 
 2571      7369676E 
 2571      65642069 
 2571      6E7400
 2572              	.LASF21:
 2573 00c1 77726974 		.ascii	"write\000"
 2573      6500
 2574              	.LASF30:
 2575 00c7 77696474 		.ascii	"width\000"
 2575      6800
 2576              	.LASF38:
 2577 00cd 63687072 		.ascii	"chprintf\000"
 2577      696E7466 
 2577      00
 2578              	.LASF0:
 2579 00d6 5F5F676E 		.ascii	"__gnuc_va_list\000"
 2579      75635F76 
 2579      615F6C69 
ARM GAS  C:\Users\GRACEK~1\AppData\Local\Temp\ccDboMqG.s 			page 47


 2579      737400
 2580              	.LASF22:
 2581 00e5 72656164 		.ascii	"read\000"
 2581      00
 2582              	.LASF28:
 2583 00ea 66696C6C 		.ascii	"filler\000"
 2583      657200
 2584              	.LASF3:
 2585 00f1 756E7369 		.ascii	"unsigned int\000"
 2585      676E6564 
 2585      20696E74 
 2585      00
 2586              	.LASF13:
 2587 00fe 6C6F6E67 		.ascii	"long long unsigned int\000"
 2587      206C6F6E 
 2587      6720756E 
 2587      7369676E 
 2587      65642069 
 2588              	.LASF25:
 2589 0115 64697669 		.ascii	"divisor\000"
 2589      736F7200 
 2590              	.LASF37:
 2591 011d 5F5F6170 		.ascii	"__ap\000"
 2591      00
 2592              	.LASF16:
 2593 0122 6D73675F 		.ascii	"msg_t\000"
 2593      7400
 2594              	.LASF9:
 2595 0128 696E7433 		.ascii	"int32_t\000"
 2595      325F7400 
 2596              	.LASF17:
 2597 0130 73697A65 		.ascii	"sizetype\000"
 2597      74797065 
 2597      00
 2598              	.LASF33:
 2599 0139 746D7062 		.ascii	"tmpbuf\000"
 2599      756600
 2600              	.LASF19:
 2601 0140 5F5F7661 		.ascii	"__va_list\000"
 2601      5F6C6973 
 2601      7400
 2602              	.LASF12:
 2603 014a 6C6F6E67 		.ascii	"long long int\000"
 2603      206C6F6E 
 2603      6720696E 
 2603      7400
 2604              	.LASF36:
 2605 0158 433A5C55 		.ascii	"C:\\Users\\Grace Knaup\\pros\\ 127X 2-24-14\000"
 2605      73657273 
 2605      5C477261 
 2605      6365204B 
 2605      6E617570 
 2606              	.LASF18:
 2607 0180 63686172 		.ascii	"char\000"
 2607      00
 2608              	.LASF34:
 2609 0185 474E5520 		.ascii	"GNU C 4.7.1\000"
ARM GAS  C:\Users\GRACEK~1\AppData\Local\Temp\ccDboMqG.s 			page 48


 2609      4320342E 
 2609      372E3100 
 2610              	.LASF32:
 2611 0191 6C656674 		.ascii	"left_align\000"
 2611      5F616C69 
 2611      676E00
 2612              	.LASF7:
 2613 019c 73686F72 		.ascii	"short int\000"
 2613      7420696E 
 2613      7400
 2614              	.LASF39:
 2615 01a6 756E7369 		.ascii	"unsigned_common\000"
 2615      676E6564 
 2615      5F636F6D 
 2615      6D6F6E00 
 2616              	.LASF10:
 2617 01b6 6C6F6E67 		.ascii	"long int\000"
 2617      20696E74 
 2617      00
 2618              	.LASF4:
 2619 01bf 7369676E 		.ascii	"signed char\000"
 2619      65642063 
 2619      68617200 
 2620              	.LASF27:
 2621 01cb 6C746F61 		.ascii	"ltoa\000"
 2621      00
 2622              	.LASF15:
 2623 01d0 5F426F6F 		.ascii	"_Bool\000"
 2623      6C00
 2624              	.LASF20:
 2625 01d6 42617365 		.ascii	"BaseSequentialStreamVMT\000"
 2625      53657175 
 2625      656E7469 
 2625      616C5374 
 2625      7265616D 
 2626              		.ident	"GCC: (GNU) 4.7.1"
ARM GAS  C:\Users\GRACEK~1\AppData\Local\Temp\ccDboMqG.s 			page 49


DEFINED SYMBOLS
                            *ABS*:00000000 chprintf.c
C:\Users\GRACEK~1\AppData\Local\Temp\ccDboMqG.s:19     .text.long_to_string_with_divisor.constprop.0:00000000 $t
C:\Users\GRACEK~1\AppData\Local\Temp\ccDboMqG.s:24     .text.long_to_string_with_divisor.constprop.0:00000000 long_to_string_with_divisor.constprop.0
C:\Users\GRACEK~1\AppData\Local\Temp\ccDboMqG.s:106    .text.chprintf:00000000 $t
C:\Users\GRACEK~1\AppData\Local\Temp\ccDboMqG.s:112    .text.chprintf:00000000 chprintf
C:\Users\GRACEK~1\AppData\Local\Temp\ccDboMqG.s:289    .text.chprintf:000000bc $d
C:\Users\GRACEK~1\AppData\Local\Temp\ccDboMqG.s:345    .text.chprintf:00000126 $t
C:\Users\GRACEK~1\AppData\Local\Temp\ccDboMqG.s:709    .rodata.str1.4:00000000 .LC0
C:\Users\GRACEK~1\AppData\Local\Temp\ccDboMqG.s:708    .rodata.str1.4:00000000 $d
                     .debug_frame:00000010 $d

NO UNDEFINED SYMBOLS
